[32m2022-10-12 19:54:30.465[0m | [31m[1mERROR   [0m | [36m__main__[0m:[36merror_page[0m:[36m59[0m - [31m[1m404 Not Found: The requested URL was not found on the server. If you entered the URL manually please check your spelling and try again.[0m
[33m[1mTraceback (most recent call last):[0m

  File "[32mC:\Program Files\WindowsApps\PythonSoftwareFoundation.Python.3.9_3.9.3568.0_x64__qbz5n2kfra8p0\lib\[0m[32m[1mthreading.py[0m", line [33m937[0m, in [35m_bootstrap[0m
    [1mself[0m[35m[1m.[0m[1m_bootstrap_inner[0m[1m([0m[1m)[0m
    [36m│    └ [0m[36m[1m<function Thread._bootstrap_inner at 0x00000246FED85CA0>[0m
    [36m└ [0m[36m[1m<Thread(Thread-2, started daemon 6264)>[0m

  File "[32mC:\Program Files\WindowsApps\PythonSoftwareFoundation.Python.3.9_3.9.3568.0_x64__qbz5n2kfra8p0\lib\[0m[32m[1mthreading.py[0m", line [33m980[0m, in [35m_bootstrap_inner[0m
    [1mself[0m[35m[1m.[0m[1mrun[0m[1m([0m[1m)[0m
    [36m│    └ [0m[36m[1m<function Thread.run at 0x00000246FED859D0>[0m
    [36m└ [0m[36m[1m<Thread(Thread-2, started daemon 6264)>[0m

  File "[32mC:\Program Files\WindowsApps\PythonSoftwareFoundation.Python.3.9_3.9.3568.0_x64__qbz5n2kfra8p0\lib\[0m[32m[1mthreading.py[0m", line [33m917[0m, in [35mrun[0m
    [1mself[0m[35m[1m.[0m[1m_target[0m[1m([0m[35m[1m*[0m[1mself[0m[35m[1m.[0m[1m_args[0m[1m,[0m [35m[1m**[0m[1mself[0m[35m[1m.[0m[1m_kwargs[0m[1m)[0m
    [36m│    │        │    │        │    └ [0m[36m[1m{}[0m
    [36m│    │        │    │        └ [0m[36m[1m<Thread(Thread-2, started daemon 6264)>[0m
    [36m│    │        │    └ [0m[36m[1m(<socket.socket fd=1584, family=AddressFamily.AF_INET, type=SocketKind.SOCK_STREAM, proto=0, laddr=('127.0.0.1', 5000), raddr...[0m
    [36m│    │        └ [0m[36m[1m<Thread(Thread-2, started daemon 6264)>[0m
    [36m│    └ [0m[36m[1m<bound method ThreadingMixIn.process_request_thread of <werkzeug.serving.ThreadedWSGIServer object at 0x0000024717CDA820>>[0m
    [36m└ [0m[36m[1m<Thread(Thread-2, started daemon 6264)>[0m

  File "[32mC:\Program Files\WindowsApps\PythonSoftwareFoundation.Python.3.9_3.9.3568.0_x64__qbz5n2kfra8p0\lib\[0m[32m[1msocketserver.py[0m", line [33m683[0m, in [35mprocess_request_thread[0m
    [1mself[0m[35m[1m.[0m[1mfinish_request[0m[1m([0m[1mrequest[0m[1m,[0m [1mclient_address[0m[1m)[0m
    [36m│    │              │        └ [0m[36m[1m('127.0.0.1', 60060)[0m
    [36m│    │              └ [0m[36m[1m<socket.socket fd=1584, family=AddressFamily.AF_INET, type=SocketKind.SOCK_STREAM, proto=0, laddr=('127.0.0.1', 5000), raddr=...[0m
    [36m│    └ [0m[36m[1m<function BaseServer.finish_request at 0x00000246FF52C700>[0m
    [36m└ [0m[36m[1m<werkzeug.serving.ThreadedWSGIServer object at 0x0000024717CDA820>[0m

  File "[32mC:\Program Files\WindowsApps\PythonSoftwareFoundation.Python.3.9_3.9.3568.0_x64__qbz5n2kfra8p0\lib\[0m[32m[1msocketserver.py[0m", line [33m360[0m, in [35mfinish_request[0m
    [1mself[0m[35m[1m.[0m[1mRequestHandlerClass[0m[1m([0m[1mrequest[0m[1m,[0m [1mclient_address[0m[1m,[0m [1mself[0m[1m)[0m
    [36m│    │                   │        │               └ [0m[36m[1m<werkzeug.serving.ThreadedWSGIServer object at 0x0000024717CDA820>[0m
    [36m│    │                   │        └ [0m[36m[1m('127.0.0.1', 60060)[0m
    [36m│    │                   └ [0m[36m[1m<socket.socket fd=1584, family=AddressFamily.AF_INET, type=SocketKind.SOCK_STREAM, proto=0, laddr=('127.0.0.1', 5000), raddr=...[0m
    [36m│    └ [0m[36m[1m<class 'werkzeug.serving.WSGIRequestHandler'>[0m
    [36m└ [0m[36m[1m<werkzeug.serving.ThreadedWSGIServer object at 0x0000024717CDA820>[0m

  File "[32mC:\Program Files\WindowsApps\PythonSoftwareFoundation.Python.3.9_3.9.3568.0_x64__qbz5n2kfra8p0\lib\[0m[32m[1msocketserver.py[0m", line [33m747[0m, in [35m__init__[0m
    [1mself[0m[35m[1m.[0m[1mhandle[0m[1m([0m[1m)[0m
    [36m│    └ [0m[36m[1m<function WSGIRequestHandler.handle at 0x00000246FF702B80>[0m
    [36m└ [0m[36m[1m<werkzeug.serving.WSGIRequestHandler object at 0x0000024717CFA490>[0m

  File "C:\Users\xmovi\AppData\Local\Packages\PythonSoftwareFoundation.Python.3.9_qbz5n2kfra8p0\LocalCache\local-packages\Python39\site-packages\werkzeug\serving.py", line 345, in handle
    BaseHTTPRequestHandler.handle(self)
    │                      │      └ <werkzeug.serving.WSGIRequestHandler object at 0x0000024717CFA490>
    │                      └ <function BaseHTTPRequestHandler.handle at 0x00000246FF674670>
    └ <class 'http.server.BaseHTTPRequestHandler'>

  File "[32mC:\Program Files\WindowsApps\PythonSoftwareFoundation.Python.3.9_3.9.3568.0_x64__qbz5n2kfra8p0\lib\http\[0m[32m[1mserver.py[0m", line [33m425[0m, in [35mhandle[0m
    [1mself[0m[35m[1m.[0m[1mhandle_one_request[0m[1m([0m[1m)[0m
    [36m│    └ [0m[36m[1m<function WSGIRequestHandler.handle_one_request at 0x00000246FF702D30>[0m
    [36m└ [0m[36m[1m<werkzeug.serving.WSGIRequestHandler object at 0x0000024717CFA490>[0m

  File "C:\Users\xmovi\AppData\Local\Packages\PythonSoftwareFoundation.Python.3.9_qbz5n2kfra8p0\LocalCache\local-packages\Python39\site-packages\werkzeug\serving.py", line 379, in handle_one_request
    return self.run_wsgi()
           │    └ <function WSGIRequestHandler.run_wsgi at 0x00000246FF702AF0>
           └ <werkzeug.serving.WSGIRequestHandler object at 0x0000024717CFA490>
  File "C:\Users\xmovi\AppData\Local\Packages\PythonSoftwareFoundation.Python.3.9_qbz5n2kfra8p0\LocalCache\local-packages\Python39\site-packages\werkzeug\serving.py", line 323, in run_wsgi
    execute(self.server.app)
    │       │    │      └ <werkzeug.debug.DebuggedApplication object at 0x0000024717C924F0>
    │       │    └ <werkzeug.serving.ThreadedWSGIServer object at 0x0000024717CDA820>
    │       └ <werkzeug.serving.WSGIRequestHandler object at 0x0000024717CFA490>
    └ <function WSGIRequestHandler.run_wsgi.<locals>.execute at 0x0000024717CFE670>
  File "C:\Users\xmovi\AppData\Local\Packages\PythonSoftwareFoundation.Python.3.9_qbz5n2kfra8p0\LocalCache\local-packages\Python39\site-packages\werkzeug\serving.py", line 314, in execute
    for data in application_iter:
                └ <generator object DebuggedApplication.debug_application at 0x0000024717CC4DD0>
  File "C:\Users\xmovi\AppData\Local\Packages\PythonSoftwareFoundation.Python.3.9_qbz5n2kfra8p0\LocalCache\local-packages\Python39\site-packages\werkzeug\debug\__init__.py", line 304, in debug_application
    app_iter = self.app(environ, start_response)
               │    │   │        └ <function WSGIRequestHandler.run_wsgi.<locals>.start_response at 0x0000024717CFE5E0>
               │    │   └ {'wsgi.version': (1, 0), 'wsgi.url_scheme': 'http', 'wsgi.input': <_io.BufferedReader name=1584>, 'wsgi.errors': <_io.TextIOW...
               │    └ <Flask 'main'>
               └ <werkzeug.debug.DebuggedApplication object at 0x0000024717C924F0>
  File "C:\Users\xmovi\AppData\Local\Packages\PythonSoftwareFoundation.Python.3.9_qbz5n2kfra8p0\LocalCache\local-packages\Python39\site-packages\flask\app.py", line 2464, in __call__
    return self.wsgi_app(environ, start_response)
           │    │        │        └ <function WSGIRequestHandler.run_wsgi.<locals>.start_response at 0x0000024717CFE5E0>
           │    │        └ {'wsgi.version': (1, 0), 'wsgi.url_scheme': 'http', 'wsgi.input': <_io.BufferedReader name=1584>, 'wsgi.errors': <_io.TextIOW...
           │    └ <function Flask.wsgi_app at 0x00000246FF9CBA60>
           └ <Flask 'main'>
  File "C:\Users\xmovi\AppData\Local\Packages\PythonSoftwareFoundation.Python.3.9_qbz5n2kfra8p0\LocalCache\local-packages\Python39\site-packages\flask\app.py", line 2447, in wsgi_app
    response = self.full_dispatch_request()
               │    └ <function Flask.full_dispatch_request at 0x00000246FF9CB160>
               └ <Flask 'main'>
> File "C:\Users\xmovi\AppData\Local\Packages\PythonSoftwareFoundation.Python.3.9_qbz5n2kfra8p0\LocalCache\local-packages\Python39\site-packages\flask\app.py", line 1950, in full_dispatch_request
    rv = self.dispatch_request()
         │    └ <function Flask.dispatch_request at 0x00000246FF9CB0D0>
         └ <Flask 'main'>
  File "C:\Users\xmovi\AppData\Local\Packages\PythonSoftwareFoundation.Python.3.9_qbz5n2kfra8p0\LocalCache\local-packages\Python39\site-packages\flask\app.py", line 1926, in dispatch_request
    self.raise_routing_exception(req)
    │    │                       └ <Request 'http://127.0.0.1:5000/login/' [GET]>
    │    └ <function Flask.raise_routing_exception at 0x00000246FF9CB040>
    └ <Flask 'main'>
  File "C:\Users\xmovi\AppData\Local\Packages\PythonSoftwareFoundation.Python.3.9_qbz5n2kfra8p0\LocalCache\local-packages\Python39\site-packages\flask\app.py", line 1908, in raise_routing_exception
    raise request.routing_exception
          │       └ <NotFound '404: Not Found'>
          └ <Request 'http://127.0.0.1:5000/login/' [GET]>
  File "C:\Users\xmovi\AppData\Local\Packages\PythonSoftwareFoundation.Python.3.9_qbz5n2kfra8p0\LocalCache\local-packages\Python39\site-packages\flask\ctx.py", line 350, in match_request
    result = self.url_adapter.match(return_rule=True)
             │    │           └ <function MapAdapter.match at 0x00000246FF92E8B0>
             │    └ <werkzeug.routing.MapAdapter object at 0x0000024717CFA820>
             └ <RequestContext 'http://127.0.0.1:5000/login/' [GET] of main>
  File "C:\Users\xmovi\AppData\Local\Packages\PythonSoftwareFoundation.Python.3.9_qbz5n2kfra8p0\LocalCache\local-packages\Python39\site-packages\werkzeug\routing.py", line 1945, in match
    raise NotFound()
          └ <class 'werkzeug.exceptions.NotFound'>

[31m[1mwerkzeug.exceptions.NotFound[0m:[1m 404 Not Found: The requested URL was not found on the server. If you entered the URL manually please check your spelling and try again.[0m
[32m2022-10-12 19:54:39.537[0m | [31m[1mERROR   [0m | [36m__main__[0m:[36merror_page[0m:[36m59[0m - [31m[1m404 Not Found: The requested URL was not found on the server. If you entered the URL manually please check your spelling and try again.[0m
[33m[1mTraceback (most recent call last):[0m

  File "[32mC:\Program Files\WindowsApps\PythonSoftwareFoundation.Python.3.9_3.9.3568.0_x64__qbz5n2kfra8p0\lib\[0m[32m[1mthreading.py[0m", line [33m937[0m, in [35m_bootstrap[0m
    [1mself[0m[35m[1m.[0m[1m_bootstrap_inner[0m[1m([0m[1m)[0m
    [36m│    └ [0m[36m[1m<function Thread._bootstrap_inner at 0x00000246FED85CA0>[0m
    [36m└ [0m[36m[1m<Thread(Thread-9, started daemon 14952)>[0m

  File "[32mC:\Program Files\WindowsApps\PythonSoftwareFoundation.Python.3.9_3.9.3568.0_x64__qbz5n2kfra8p0\lib\[0m[32m[1mthreading.py[0m", line [33m980[0m, in [35m_bootstrap_inner[0m
    [1mself[0m[35m[1m.[0m[1mrun[0m[1m([0m[1m)[0m
    [36m│    └ [0m[36m[1m<function Thread.run at 0x00000246FED859D0>[0m
    [36m└ [0m[36m[1m<Thread(Thread-9, started daemon 14952)>[0m

  File "[32mC:\Program Files\WindowsApps\PythonSoftwareFoundation.Python.3.9_3.9.3568.0_x64__qbz5n2kfra8p0\lib\[0m[32m[1mthreading.py[0m", line [33m917[0m, in [35mrun[0m
    [1mself[0m[35m[1m.[0m[1m_target[0m[1m([0m[35m[1m*[0m[1mself[0m[35m[1m.[0m[1m_args[0m[1m,[0m [35m[1m**[0m[1mself[0m[35m[1m.[0m[1m_kwargs[0m[1m)[0m
    [36m│    │        │    │        │    └ [0m[36m[1m{}[0m
    [36m│    │        │    │        └ [0m[36m[1m<Thread(Thread-9, started daemon 14952)>[0m
    [36m│    │        │    └ [0m[36m[1m(<socket.socket fd=1720, family=AddressFamily.AF_INET, type=SocketKind.SOCK_STREAM, proto=0, laddr=('127.0.0.1', 5000), raddr...[0m
    [36m│    │        └ [0m[36m[1m<Thread(Thread-9, started daemon 14952)>[0m
    [36m│    └ [0m[36m[1m<bound method ThreadingMixIn.process_request_thread of <werkzeug.serving.ThreadedWSGIServer object at 0x0000024717CDA820>>[0m
    [36m└ [0m[36m[1m<Thread(Thread-9, started daemon 14952)>[0m

  File "[32mC:\Program Files\WindowsApps\PythonSoftwareFoundation.Python.3.9_3.9.3568.0_x64__qbz5n2kfra8p0\lib\[0m[32m[1msocketserver.py[0m", line [33m683[0m, in [35mprocess_request_thread[0m
    [1mself[0m[35m[1m.[0m[1mfinish_request[0m[1m([0m[1mrequest[0m[1m,[0m [1mclient_address[0m[1m)[0m
    [36m│    │              │        └ [0m[36m[1m('127.0.0.1', 60069)[0m
    [36m│    │              └ [0m[36m[1m<socket.socket fd=1720, family=AddressFamily.AF_INET, type=SocketKind.SOCK_STREAM, proto=0, laddr=('127.0.0.1', 5000), raddr=...[0m
    [36m│    └ [0m[36m[1m<function BaseServer.finish_request at 0x00000246FF52C700>[0m
    [36m└ [0m[36m[1m<werkzeug.serving.ThreadedWSGIServer object at 0x0000024717CDA820>[0m

  File "[32mC:\Program Files\WindowsApps\PythonSoftwareFoundation.Python.3.9_3.9.3568.0_x64__qbz5n2kfra8p0\lib\[0m[32m[1msocketserver.py[0m", line [33m360[0m, in [35mfinish_request[0m
    [1mself[0m[35m[1m.[0m[1mRequestHandlerClass[0m[1m([0m[1mrequest[0m[1m,[0m [1mclient_address[0m[1m,[0m [1mself[0m[1m)[0m
    [36m│    │                   │        │               └ [0m[36m[1m<werkzeug.serving.ThreadedWSGIServer object at 0x0000024717CDA820>[0m
    [36m│    │                   │        └ [0m[36m[1m('127.0.0.1', 60069)[0m
    [36m│    │                   └ [0m[36m[1m<socket.socket fd=1720, family=AddressFamily.AF_INET, type=SocketKind.SOCK_STREAM, proto=0, laddr=('127.0.0.1', 5000), raddr=...[0m
    [36m│    └ [0m[36m[1m<class 'werkzeug.serving.WSGIRequestHandler'>[0m
    [36m└ [0m[36m[1m<werkzeug.serving.ThreadedWSGIServer object at 0x0000024717CDA820>[0m

  File "[32mC:\Program Files\WindowsApps\PythonSoftwareFoundation.Python.3.9_3.9.3568.0_x64__qbz5n2kfra8p0\lib\[0m[32m[1msocketserver.py[0m", line [33m747[0m, in [35m__init__[0m
    [1mself[0m[35m[1m.[0m[1mhandle[0m[1m([0m[1m)[0m
    [36m│    └ [0m[36m[1m<function WSGIRequestHandler.handle at 0x00000246FF702B80>[0m
    [36m└ [0m[36m[1m<werkzeug.serving.WSGIRequestHandler object at 0x0000024718038940>[0m

  File "C:\Users\xmovi\AppData\Local\Packages\PythonSoftwareFoundation.Python.3.9_qbz5n2kfra8p0\LocalCache\local-packages\Python39\site-packages\werkzeug\serving.py", line 345, in handle
    BaseHTTPRequestHandler.handle(self)
    │                      │      └ <werkzeug.serving.WSGIRequestHandler object at 0x0000024718038940>
    │                      └ <function BaseHTTPRequestHandler.handle at 0x00000246FF674670>
    └ <class 'http.server.BaseHTTPRequestHandler'>

  File "[32mC:\Program Files\WindowsApps\PythonSoftwareFoundation.Python.3.9_3.9.3568.0_x64__qbz5n2kfra8p0\lib\http\[0m[32m[1mserver.py[0m", line [33m425[0m, in [35mhandle[0m
    [1mself[0m[35m[1m.[0m[1mhandle_one_request[0m[1m([0m[1m)[0m
    [36m│    └ [0m[36m[1m<function WSGIRequestHandler.handle_one_request at 0x00000246FF702D30>[0m
    [36m└ [0m[36m[1m<werkzeug.serving.WSGIRequestHandler object at 0x0000024718038940>[0m

  File "C:\Users\xmovi\AppData\Local\Packages\PythonSoftwareFoundation.Python.3.9_qbz5n2kfra8p0\LocalCache\local-packages\Python39\site-packages\werkzeug\serving.py", line 379, in handle_one_request
    return self.run_wsgi()
           │    └ <function WSGIRequestHandler.run_wsgi at 0x00000246FF702AF0>
           └ <werkzeug.serving.WSGIRequestHandler object at 0x0000024718038940>
  File "C:\Users\xmovi\AppData\Local\Packages\PythonSoftwareFoundation.Python.3.9_qbz5n2kfra8p0\LocalCache\local-packages\Python39\site-packages\werkzeug\serving.py", line 323, in run_wsgi
    execute(self.server.app)
    │       │    │      └ <werkzeug.debug.DebuggedApplication object at 0x0000024717C924F0>
    │       │    └ <werkzeug.serving.ThreadedWSGIServer object at 0x0000024717CDA820>
    │       └ <werkzeug.serving.WSGIRequestHandler object at 0x0000024718038940>
    └ <function WSGIRequestHandler.run_wsgi.<locals>.execute at 0x0000024718049430>
  File "C:\Users\xmovi\AppData\Local\Packages\PythonSoftwareFoundation.Python.3.9_qbz5n2kfra8p0\LocalCache\local-packages\Python39\site-packages\werkzeug\serving.py", line 314, in execute
    for data in application_iter:
                └ <generator object DebuggedApplication.debug_application at 0x0000024718011820>
  File "C:\Users\xmovi\AppData\Local\Packages\PythonSoftwareFoundation.Python.3.9_qbz5n2kfra8p0\LocalCache\local-packages\Python39\site-packages\werkzeug\debug\__init__.py", line 304, in debug_application
    app_iter = self.app(environ, start_response)
               │    │   │        └ <function WSGIRequestHandler.run_wsgi.<locals>.start_response at 0x00000247180493A0>
               │    │   └ {'wsgi.version': (1, 0), 'wsgi.url_scheme': 'http', 'wsgi.input': <_io.BufferedReader name=1720>, 'wsgi.errors': <_io.TextIOW...
               │    └ <Flask 'main'>
               └ <werkzeug.debug.DebuggedApplication object at 0x0000024717C924F0>
  File "C:\Users\xmovi\AppData\Local\Packages\PythonSoftwareFoundation.Python.3.9_qbz5n2kfra8p0\LocalCache\local-packages\Python39\site-packages\flask\app.py", line 2464, in __call__
    return self.wsgi_app(environ, start_response)
           │    │        │        └ <function WSGIRequestHandler.run_wsgi.<locals>.start_response at 0x00000247180493A0>
           │    │        └ {'wsgi.version': (1, 0), 'wsgi.url_scheme': 'http', 'wsgi.input': <_io.BufferedReader name=1720>, 'wsgi.errors': <_io.TextIOW...
           │    └ <function Flask.wsgi_app at 0x00000246FF9CBA60>
           └ <Flask 'main'>
  File "C:\Users\xmovi\AppData\Local\Packages\PythonSoftwareFoundation.Python.3.9_qbz5n2kfra8p0\LocalCache\local-packages\Python39\site-packages\flask\app.py", line 2447, in wsgi_app
    response = self.full_dispatch_request()
               │    └ <function Flask.full_dispatch_request at 0x00000246FF9CB160>
               └ <Flask 'main'>
> File "C:\Users\xmovi\AppData\Local\Packages\PythonSoftwareFoundation.Python.3.9_qbz5n2kfra8p0\LocalCache\local-packages\Python39\site-packages\flask\app.py", line 1950, in full_dispatch_request
    rv = self.dispatch_request()
         │    └ <function Flask.dispatch_request at 0x00000246FF9CB0D0>
         └ <Flask 'main'>
  File "C:\Users\xmovi\AppData\Local\Packages\PythonSoftwareFoundation.Python.3.9_qbz5n2kfra8p0\LocalCache\local-packages\Python39\site-packages\flask\app.py", line 1926, in dispatch_request
    self.raise_routing_exception(req)
    │    │                       └ <Request 'http://127.0.0.1:5000/login/' [GET]>
    │    └ <function Flask.raise_routing_exception at 0x00000246FF9CB040>
    └ <Flask 'main'>
  File "C:\Users\xmovi\AppData\Local\Packages\PythonSoftwareFoundation.Python.3.9_qbz5n2kfra8p0\LocalCache\local-packages\Python39\site-packages\flask\app.py", line 1908, in raise_routing_exception
    raise request.routing_exception
          │       └ <NotFound '404: Not Found'>
          └ <Request 'http://127.0.0.1:5000/login/' [GET]>
  File "C:\Users\xmovi\AppData\Local\Packages\PythonSoftwareFoundation.Python.3.9_qbz5n2kfra8p0\LocalCache\local-packages\Python39\site-packages\flask\ctx.py", line 350, in match_request
    result = self.url_adapter.match(return_rule=True)
             │    │           └ <function MapAdapter.match at 0x00000246FF92E8B0>
             │    └ <werkzeug.routing.MapAdapter object at 0x000002471802F760>
             └ <RequestContext 'http://127.0.0.1:5000/login/' [GET] of main>
  File "C:\Users\xmovi\AppData\Local\Packages\PythonSoftwareFoundation.Python.3.9_qbz5n2kfra8p0\LocalCache\local-packages\Python39\site-packages\werkzeug\routing.py", line 1945, in match
    raise NotFound()
          └ <class 'werkzeug.exceptions.NotFound'>

[31m[1mwerkzeug.exceptions.NotFound[0m:[1m 404 Not Found: The requested URL was not found on the server. If you entered the URL manually please check your spelling and try again.[0m
[32m2022-10-12 19:55:23.950[0m | [31m[1mERROR   [0m | [36m__main__[0m:[36merror_page[0m:[36m59[0m - [31m[1m404 Not Found: The requested URL was not found on the server. If you entered the URL manually please check your spelling and try again.[0m
[33m[1mTraceback (most recent call last):[0m

  File "[32mC:\Program Files\WindowsApps\PythonSoftwareFoundation.Python.3.9_3.9.3568.0_x64__qbz5n2kfra8p0\lib\[0m[32m[1mthreading.py[0m", line [33m937[0m, in [35m_bootstrap[0m
    [1mself[0m[35m[1m.[0m[1m_bootstrap_inner[0m[1m([0m[1m)[0m
    [36m│    └ [0m[36m[1m<function Thread._bootstrap_inner at 0x00000246FED85CA0>[0m
    [36m└ [0m[36m[1m<Thread(Thread-11, started daemon 18220)>[0m

  File "[32mC:\Program Files\WindowsApps\PythonSoftwareFoundation.Python.3.9_3.9.3568.0_x64__qbz5n2kfra8p0\lib\[0m[32m[1mthreading.py[0m", line [33m980[0m, in [35m_bootstrap_inner[0m
    [1mself[0m[35m[1m.[0m[1mrun[0m[1m([0m[1m)[0m
    [36m│    └ [0m[36m[1m<function Thread.run at 0x00000246FED859D0>[0m
    [36m└ [0m[36m[1m<Thread(Thread-11, started daemon 18220)>[0m

  File "[32mC:\Program Files\WindowsApps\PythonSoftwareFoundation.Python.3.9_3.9.3568.0_x64__qbz5n2kfra8p0\lib\[0m[32m[1mthreading.py[0m", line [33m917[0m, in [35mrun[0m
    [1mself[0m[35m[1m.[0m[1m_target[0m[1m([0m[35m[1m*[0m[1mself[0m[35m[1m.[0m[1m_args[0m[1m,[0m [35m[1m**[0m[1mself[0m[35m[1m.[0m[1m_kwargs[0m[1m)[0m
    [36m│    │        │    │        │    └ [0m[36m[1m{}[0m
    [36m│    │        │    │        └ [0m[36m[1m<Thread(Thread-11, started daemon 18220)>[0m
    [36m│    │        │    └ [0m[36m[1m(<socket.socket fd=1656, family=AddressFamily.AF_INET, type=SocketKind.SOCK_STREAM, proto=0, laddr=('127.0.0.1', 5000), raddr...[0m
    [36m│    │        └ [0m[36m[1m<Thread(Thread-11, started daemon 18220)>[0m
    [36m│    └ [0m[36m[1m<bound method ThreadingMixIn.process_request_thread of <werkzeug.serving.ThreadedWSGIServer object at 0x0000024717CDA820>>[0m
    [36m└ [0m[36m[1m<Thread(Thread-11, started daemon 18220)>[0m

  File "[32mC:\Program Files\WindowsApps\PythonSoftwareFoundation.Python.3.9_3.9.3568.0_x64__qbz5n2kfra8p0\lib\[0m[32m[1msocketserver.py[0m", line [33m683[0m, in [35mprocess_request_thread[0m
    [1mself[0m[35m[1m.[0m[1mfinish_request[0m[1m([0m[1mrequest[0m[1m,[0m [1mclient_address[0m[1m)[0m
    [36m│    │              │        └ [0m[36m[1m('127.0.0.1', 60071)[0m
    [36m│    │              └ [0m[36m[1m<socket.socket fd=1656, family=AddressFamily.AF_INET, type=SocketKind.SOCK_STREAM, proto=0, laddr=('127.0.0.1', 5000), raddr=...[0m
    [36m│    └ [0m[36m[1m<function BaseServer.finish_request at 0x00000246FF52C700>[0m
    [36m└ [0m[36m[1m<werkzeug.serving.ThreadedWSGIServer object at 0x0000024717CDA820>[0m

  File "[32mC:\Program Files\WindowsApps\PythonSoftwareFoundation.Python.3.9_3.9.3568.0_x64__qbz5n2kfra8p0\lib\[0m[32m[1msocketserver.py[0m", line [33m360[0m, in [35mfinish_request[0m
    [1mself[0m[35m[1m.[0m[1mRequestHandlerClass[0m[1m([0m[1mrequest[0m[1m,[0m [1mclient_address[0m[1m,[0m [1mself[0m[1m)[0m
    [36m│    │                   │        │               └ [0m[36m[1m<werkzeug.serving.ThreadedWSGIServer object at 0x0000024717CDA820>[0m
    [36m│    │                   │        └ [0m[36m[1m('127.0.0.1', 60071)[0m
    [36m│    │                   └ [0m[36m[1m<socket.socket fd=1656, family=AddressFamily.AF_INET, type=SocketKind.SOCK_STREAM, proto=0, laddr=('127.0.0.1', 5000), raddr=...[0m
    [36m│    └ [0m[36m[1m<class 'werkzeug.serving.WSGIRequestHandler'>[0m
    [36m└ [0m[36m[1m<werkzeug.serving.ThreadedWSGIServer object at 0x0000024717CDA820>[0m

  File "[32mC:\Program Files\WindowsApps\PythonSoftwareFoundation.Python.3.9_3.9.3568.0_x64__qbz5n2kfra8p0\lib\[0m[32m[1msocketserver.py[0m", line [33m747[0m, in [35m__init__[0m
    [1mself[0m[35m[1m.[0m[1mhandle[0m[1m([0m[1m)[0m
    [36m│    └ [0m[36m[1m<function WSGIRequestHandler.handle at 0x00000246FF702B80>[0m
    [36m└ [0m[36m[1m<werkzeug.serving.WSGIRequestHandler object at 0x000002471806C160>[0m

  File "C:\Users\xmovi\AppData\Local\Packages\PythonSoftwareFoundation.Python.3.9_qbz5n2kfra8p0\LocalCache\local-packages\Python39\site-packages\werkzeug\serving.py", line 345, in handle
    BaseHTTPRequestHandler.handle(self)
    │                      │      └ <werkzeug.serving.WSGIRequestHandler object at 0x000002471806C160>
    │                      └ <function BaseHTTPRequestHandler.handle at 0x00000246FF674670>
    └ <class 'http.server.BaseHTTPRequestHandler'>

  File "[32mC:\Program Files\WindowsApps\PythonSoftwareFoundation.Python.3.9_3.9.3568.0_x64__qbz5n2kfra8p0\lib\http\[0m[32m[1mserver.py[0m", line [33m425[0m, in [35mhandle[0m
    [1mself[0m[35m[1m.[0m[1mhandle_one_request[0m[1m([0m[1m)[0m
    [36m│    └ [0m[36m[1m<function WSGIRequestHandler.handle_one_request at 0x00000246FF702D30>[0m
    [36m└ [0m[36m[1m<werkzeug.serving.WSGIRequestHandler object at 0x000002471806C160>[0m

  File "C:\Users\xmovi\AppData\Local\Packages\PythonSoftwareFoundation.Python.3.9_qbz5n2kfra8p0\LocalCache\local-packages\Python39\site-packages\werkzeug\serving.py", line 379, in handle_one_request
    return self.run_wsgi()
           │    └ <function WSGIRequestHandler.run_wsgi at 0x00000246FF702AF0>
           └ <werkzeug.serving.WSGIRequestHandler object at 0x000002471806C160>
  File "C:\Users\xmovi\AppData\Local\Packages\PythonSoftwareFoundation.Python.3.9_qbz5n2kfra8p0\LocalCache\local-packages\Python39\site-packages\werkzeug\serving.py", line 323, in run_wsgi
    execute(self.server.app)
    │       │    │      └ <werkzeug.debug.DebuggedApplication object at 0x0000024717C924F0>
    │       │    └ <werkzeug.serving.ThreadedWSGIServer object at 0x0000024717CDA820>
    │       └ <werkzeug.serving.WSGIRequestHandler object at 0x000002471806C160>
    └ <function WSGIRequestHandler.run_wsgi.<locals>.execute at 0x00000247180490D0>
  File "C:\Users\xmovi\AppData\Local\Packages\PythonSoftwareFoundation.Python.3.9_qbz5n2kfra8p0\LocalCache\local-packages\Python39\site-packages\werkzeug\serving.py", line 314, in execute
    for data in application_iter:
                └ <generator object DebuggedApplication.debug_application at 0x0000024717CC4DD0>
  File "C:\Users\xmovi\AppData\Local\Packages\PythonSoftwareFoundation.Python.3.9_qbz5n2kfra8p0\LocalCache\local-packages\Python39\site-packages\werkzeug\debug\__init__.py", line 304, in debug_application
    app_iter = self.app(environ, start_response)
               │    │   │        └ <function WSGIRequestHandler.run_wsgi.<locals>.start_response at 0x000002471801BCA0>
               │    │   └ {'wsgi.version': (1, 0), 'wsgi.url_scheme': 'http', 'wsgi.input': <_io.BufferedReader name=1656>, 'wsgi.errors': <_io.TextIOW...
               │    └ <Flask 'main'>
               └ <werkzeug.debug.DebuggedApplication object at 0x0000024717C924F0>
  File "C:\Users\xmovi\AppData\Local\Packages\PythonSoftwareFoundation.Python.3.9_qbz5n2kfra8p0\LocalCache\local-packages\Python39\site-packages\flask\app.py", line 2464, in __call__
    return self.wsgi_app(environ, start_response)
           │    │        │        └ <function WSGIRequestHandler.run_wsgi.<locals>.start_response at 0x000002471801BCA0>
           │    │        └ {'wsgi.version': (1, 0), 'wsgi.url_scheme': 'http', 'wsgi.input': <_io.BufferedReader name=1656>, 'wsgi.errors': <_io.TextIOW...
           │    └ <function Flask.wsgi_app at 0x00000246FF9CBA60>
           └ <Flask 'main'>
  File "C:\Users\xmovi\AppData\Local\Packages\PythonSoftwareFoundation.Python.3.9_qbz5n2kfra8p0\LocalCache\local-packages\Python39\site-packages\flask\app.py", line 2447, in wsgi_app
    response = self.full_dispatch_request()
               │    └ <function Flask.full_dispatch_request at 0x00000246FF9CB160>
               └ <Flask 'main'>
> File "C:\Users\xmovi\AppData\Local\Packages\PythonSoftwareFoundation.Python.3.9_qbz5n2kfra8p0\LocalCache\local-packages\Python39\site-packages\flask\app.py", line 1950, in full_dispatch_request
    rv = self.dispatch_request()
         │    └ <function Flask.dispatch_request at 0x00000246FF9CB0D0>
         └ <Flask 'main'>
  File "C:\Users\xmovi\AppData\Local\Packages\PythonSoftwareFoundation.Python.3.9_qbz5n2kfra8p0\LocalCache\local-packages\Python39\site-packages\flask\app.py", line 1926, in dispatch_request
    self.raise_routing_exception(req)
    │    │                       └ <Request 'http://127.0.0.1:5000/login/' [GET]>
    │    └ <function Flask.raise_routing_exception at 0x00000246FF9CB040>
    └ <Flask 'main'>
  File "C:\Users\xmovi\AppData\Local\Packages\PythonSoftwareFoundation.Python.3.9_qbz5n2kfra8p0\LocalCache\local-packages\Python39\site-packages\flask\app.py", line 1908, in raise_routing_exception
    raise request.routing_exception
          │       └ <NotFound '404: Not Found'>
          └ <Request 'http://127.0.0.1:5000/login/' [GET]>
  File "C:\Users\xmovi\AppData\Local\Packages\PythonSoftwareFoundation.Python.3.9_qbz5n2kfra8p0\LocalCache\local-packages\Python39\site-packages\flask\ctx.py", line 350, in match_request
    result = self.url_adapter.match(return_rule=True)
             │    │           └ <function MapAdapter.match at 0x00000246FF92E8B0>
             │    └ <werkzeug.routing.MapAdapter object at 0x000002471806C610>
             └ <RequestContext 'http://127.0.0.1:5000/login/' [GET] of main>
  File "C:\Users\xmovi\AppData\Local\Packages\PythonSoftwareFoundation.Python.3.9_qbz5n2kfra8p0\LocalCache\local-packages\Python39\site-packages\werkzeug\routing.py", line 1945, in match
    raise NotFound()
          └ <class 'werkzeug.exceptions.NotFound'>

[31m[1mwerkzeug.exceptions.NotFound[0m:[1m 404 Not Found: The requested URL was not found on the server. If you entered the URL manually please check your spelling and try again.[0m
[32m2022-10-12 19:56:39.697[0m | [31m[1mERROR   [0m | [36m__main__[0m:[36merror_page[0m:[36m59[0m - [31m[1m404 Not Found: The requested URL was not found on the server. If you entered the URL manually please check your spelling and try again.[0m
[33m[1mTraceback (most recent call last):[0m

  File "[32mC:\Program Files\WindowsApps\PythonSoftwareFoundation.Python.3.9_3.9.3568.0_x64__qbz5n2kfra8p0\lib\[0m[32m[1mthreading.py[0m", line [33m937[0m, in [35m_bootstrap[0m
    [1mself[0m[35m[1m.[0m[1m_bootstrap_inner[0m[1m([0m[1m)[0m
    [36m│    └ [0m[36m[1m<function Thread._bootstrap_inner at 0x00000246FED85CA0>[0m
    [36m└ [0m[36m[1m<Thread(Thread-13, started daemon 24224)>[0m

  File "[32mC:\Program Files\WindowsApps\PythonSoftwareFoundation.Python.3.9_3.9.3568.0_x64__qbz5n2kfra8p0\lib\[0m[32m[1mthreading.py[0m", line [33m980[0m, in [35m_bootstrap_inner[0m
    [1mself[0m[35m[1m.[0m[1mrun[0m[1m([0m[1m)[0m
    [36m│    └ [0m[36m[1m<function Thread.run at 0x00000246FED859D0>[0m
    [36m└ [0m[36m[1m<Thread(Thread-13, started daemon 24224)>[0m

  File "[32mC:\Program Files\WindowsApps\PythonSoftwareFoundation.Python.3.9_3.9.3568.0_x64__qbz5n2kfra8p0\lib\[0m[32m[1mthreading.py[0m", line [33m917[0m, in [35mrun[0m
    [1mself[0m[35m[1m.[0m[1m_target[0m[1m([0m[35m[1m*[0m[1mself[0m[35m[1m.[0m[1m_args[0m[1m,[0m [35m[1m**[0m[1mself[0m[35m[1m.[0m[1m_kwargs[0m[1m)[0m
    [36m│    │        │    │        │    └ [0m[36m[1m{}[0m
    [36m│    │        │    │        └ [0m[36m[1m<Thread(Thread-13, started daemon 24224)>[0m
    [36m│    │        │    └ [0m[36m[1m(<socket.socket fd=1848, family=AddressFamily.AF_INET, type=SocketKind.SOCK_STREAM, proto=0, laddr=('127.0.0.1', 5000), raddr...[0m
    [36m│    │        └ [0m[36m[1m<Thread(Thread-13, started daemon 24224)>[0m
    [36m│    └ [0m[36m[1m<bound method ThreadingMixIn.process_request_thread of <werkzeug.serving.ThreadedWSGIServer object at 0x0000024717CDA820>>[0m
    [36m└ [0m[36m[1m<Thread(Thread-13, started daemon 24224)>[0m

  File "[32mC:\Program Files\WindowsApps\PythonSoftwareFoundation.Python.3.9_3.9.3568.0_x64__qbz5n2kfra8p0\lib\[0m[32m[1msocketserver.py[0m", line [33m683[0m, in [35mprocess_request_thread[0m
    [1mself[0m[35m[1m.[0m[1mfinish_request[0m[1m([0m[1mrequest[0m[1m,[0m [1mclient_address[0m[1m)[0m
    [36m│    │              │        └ [0m[36m[1m('127.0.0.1', 60101)[0m
    [36m│    │              └ [0m[36m[1m<socket.socket fd=1848, family=AddressFamily.AF_INET, type=SocketKind.SOCK_STREAM, proto=0, laddr=('127.0.0.1', 5000), raddr=...[0m
    [36m│    └ [0m[36m[1m<function BaseServer.finish_request at 0x00000246FF52C700>[0m
    [36m└ [0m[36m[1m<werkzeug.serving.ThreadedWSGIServer object at 0x0000024717CDA820>[0m

  File "[32mC:\Program Files\WindowsApps\PythonSoftwareFoundation.Python.3.9_3.9.3568.0_x64__qbz5n2kfra8p0\lib\[0m[32m[1msocketserver.py[0m", line [33m360[0m, in [35mfinish_request[0m
    [1mself[0m[35m[1m.[0m[1mRequestHandlerClass[0m[1m([0m[1mrequest[0m[1m,[0m [1mclient_address[0m[1m,[0m [1mself[0m[1m)[0m
    [36m│    │                   │        │               └ [0m[36m[1m<werkzeug.serving.ThreadedWSGIServer object at 0x0000024717CDA820>[0m
    [36m│    │                   │        └ [0m[36m[1m('127.0.0.1', 60101)[0m
    [36m│    │                   └ [0m[36m[1m<socket.socket fd=1848, family=AddressFamily.AF_INET, type=SocketKind.SOCK_STREAM, proto=0, laddr=('127.0.0.1', 5000), raddr=...[0m
    [36m│    └ [0m[36m[1m<class 'werkzeug.serving.WSGIRequestHandler'>[0m
    [36m└ [0m[36m[1m<werkzeug.serving.ThreadedWSGIServer object at 0x0000024717CDA820>[0m

  File "[32mC:\Program Files\WindowsApps\PythonSoftwareFoundation.Python.3.9_3.9.3568.0_x64__qbz5n2kfra8p0\lib\[0m[32m[1msocketserver.py[0m", line [33m747[0m, in [35m__init__[0m
    [1mself[0m[35m[1m.[0m[1mhandle[0m[1m([0m[1m)[0m
    [36m│    └ [0m[36m[1m<function WSGIRequestHandler.handle at 0x00000246FF702B80>[0m
    [36m└ [0m[36m[1m<werkzeug.serving.WSGIRequestHandler object at 0x000002471806CA00>[0m

  File "C:\Users\xmovi\AppData\Local\Packages\PythonSoftwareFoundation.Python.3.9_qbz5n2kfra8p0\LocalCache\local-packages\Python39\site-packages\werkzeug\serving.py", line 345, in handle
    BaseHTTPRequestHandler.handle(self)
    │                      │      └ <werkzeug.serving.WSGIRequestHandler object at 0x000002471806CA00>
    │                      └ <function BaseHTTPRequestHandler.handle at 0x00000246FF674670>
    └ <class 'http.server.BaseHTTPRequestHandler'>

  File "[32mC:\Program Files\WindowsApps\PythonSoftwareFoundation.Python.3.9_3.9.3568.0_x64__qbz5n2kfra8p0\lib\http\[0m[32m[1mserver.py[0m", line [33m425[0m, in [35mhandle[0m
    [1mself[0m[35m[1m.[0m[1mhandle_one_request[0m[1m([0m[1m)[0m
    [36m│    └ [0m[36m[1m<function WSGIRequestHandler.handle_one_request at 0x00000246FF702D30>[0m
    [36m└ [0m[36m[1m<werkzeug.serving.WSGIRequestHandler object at 0x000002471806CA00>[0m

  File "C:\Users\xmovi\AppData\Local\Packages\PythonSoftwareFoundation.Python.3.9_qbz5n2kfra8p0\LocalCache\local-packages\Python39\site-packages\werkzeug\serving.py", line 379, in handle_one_request
    return self.run_wsgi()
           │    └ <function WSGIRequestHandler.run_wsgi at 0x00000246FF702AF0>
           └ <werkzeug.serving.WSGIRequestHandler object at 0x000002471806CA00>
  File "C:\Users\xmovi\AppData\Local\Packages\PythonSoftwareFoundation.Python.3.9_qbz5n2kfra8p0\LocalCache\local-packages\Python39\site-packages\werkzeug\serving.py", line 323, in run_wsgi
    execute(self.server.app)
    │       │    │      └ <werkzeug.debug.DebuggedApplication object at 0x0000024717C924F0>
    │       │    └ <werkzeug.serving.ThreadedWSGIServer object at 0x0000024717CDA820>
    │       └ <werkzeug.serving.WSGIRequestHandler object at 0x000002471806CA00>
    └ <function WSGIRequestHandler.run_wsgi.<locals>.execute at 0x0000024718049CA0>
  File "C:\Users\xmovi\AppData\Local\Packages\PythonSoftwareFoundation.Python.3.9_qbz5n2kfra8p0\LocalCache\local-packages\Python39\site-packages\werkzeug\serving.py", line 314, in execute
    for data in application_iter:
                └ <generator object DebuggedApplication.debug_application at 0x0000024717CC4DD0>
  File "C:\Users\xmovi\AppData\Local\Packages\PythonSoftwareFoundation.Python.3.9_qbz5n2kfra8p0\LocalCache\local-packages\Python39\site-packages\werkzeug\debug\__init__.py", line 304, in debug_application
    app_iter = self.app(environ, start_response)
               │    │   │        └ <function WSGIRequestHandler.run_wsgi.<locals>.start_response at 0x0000024718049C10>
               │    │   └ {'wsgi.version': (1, 0), 'wsgi.url_scheme': 'http', 'wsgi.input': <_io.BufferedReader name=1848>, 'wsgi.errors': <_io.TextIOW...
               │    └ <Flask 'main'>
               └ <werkzeug.debug.DebuggedApplication object at 0x0000024717C924F0>
  File "C:\Users\xmovi\AppData\Local\Packages\PythonSoftwareFoundation.Python.3.9_qbz5n2kfra8p0\LocalCache\local-packages\Python39\site-packages\flask\app.py", line 2464, in __call__
    return self.wsgi_app(environ, start_response)
           │    │        │        └ <function WSGIRequestHandler.run_wsgi.<locals>.start_response at 0x0000024718049C10>
           │    │        └ {'wsgi.version': (1, 0), 'wsgi.url_scheme': 'http', 'wsgi.input': <_io.BufferedReader name=1848>, 'wsgi.errors': <_io.TextIOW...
           │    └ <function Flask.wsgi_app at 0x00000246FF9CBA60>
           └ <Flask 'main'>
  File "C:\Users\xmovi\AppData\Local\Packages\PythonSoftwareFoundation.Python.3.9_qbz5n2kfra8p0\LocalCache\local-packages\Python39\site-packages\flask\app.py", line 2447, in wsgi_app
    response = self.full_dispatch_request()
               │    └ <function Flask.full_dispatch_request at 0x00000246FF9CB160>
               └ <Flask 'main'>
> File "C:\Users\xmovi\AppData\Local\Packages\PythonSoftwareFoundation.Python.3.9_qbz5n2kfra8p0\LocalCache\local-packages\Python39\site-packages\flask\app.py", line 1950, in full_dispatch_request
    rv = self.dispatch_request()
         │    └ <function Flask.dispatch_request at 0x00000246FF9CB0D0>
         └ <Flask 'main'>
  File "C:\Users\xmovi\AppData\Local\Packages\PythonSoftwareFoundation.Python.3.9_qbz5n2kfra8p0\LocalCache\local-packages\Python39\site-packages\flask\app.py", line 1926, in dispatch_request
    self.raise_routing_exception(req)
    │    │                       └ <Request 'http://127.0.0.1:5000/register/' [GET]>
    │    └ <function Flask.raise_routing_exception at 0x00000246FF9CB040>
    └ <Flask 'main'>
  File "C:\Users\xmovi\AppData\Local\Packages\PythonSoftwareFoundation.Python.3.9_qbz5n2kfra8p0\LocalCache\local-packages\Python39\site-packages\flask\app.py", line 1908, in raise_routing_exception
    raise request.routing_exception
          │       └ <NotFound '404: Not Found'>
          └ <Request 'http://127.0.0.1:5000/register/' [GET]>
  File "C:\Users\xmovi\AppData\Local\Packages\PythonSoftwareFoundation.Python.3.9_qbz5n2kfra8p0\LocalCache\local-packages\Python39\site-packages\flask\ctx.py", line 350, in match_request
    result = self.url_adapter.match(return_rule=True)
             │    │           └ <function MapAdapter.match at 0x00000246FF92E8B0>
             │    └ <werkzeug.routing.MapAdapter object at 0x000002471806CBB0>
             └ <RequestContext 'http://127.0.0.1:5000/register/' [GET] of main>
  File "C:\Users\xmovi\AppData\Local\Packages\PythonSoftwareFoundation.Python.3.9_qbz5n2kfra8p0\LocalCache\local-packages\Python39\site-packages\werkzeug\routing.py", line 1945, in match
    raise NotFound()
          └ <class 'werkzeug.exceptions.NotFound'>

[31m[1mwerkzeug.exceptions.NotFound[0m:[1m 404 Not Found: The requested URL was not found on the server. If you entered the URL manually please check your spelling and try again.[0m
[32m2022-10-12 19:56:52.954[0m | [31m[1mERROR   [0m | [36m__main__[0m:[36merror_page[0m:[36m59[0m - [31m[1m404 Not Found: The requested URL was not found on the server. If you entered the URL manually please check your spelling and try again.[0m
[33m[1mTraceback (most recent call last):[0m

  File "[32mC:\Program Files\WindowsApps\PythonSoftwareFoundation.Python.3.9_3.9.3568.0_x64__qbz5n2kfra8p0\lib\[0m[32m[1mthreading.py[0m", line [33m937[0m, in [35m_bootstrap[0m
    [1mself[0m[35m[1m.[0m[1m_bootstrap_inner[0m[1m([0m[1m)[0m
    [36m│    └ [0m[36m[1m<function Thread._bootstrap_inner at 0x00000246FED85CA0>[0m
    [36m└ [0m[36m[1m<Thread(Thread-15, started daemon 10908)>[0m

  File "[32mC:\Program Files\WindowsApps\PythonSoftwareFoundation.Python.3.9_3.9.3568.0_x64__qbz5n2kfra8p0\lib\[0m[32m[1mthreading.py[0m", line [33m980[0m, in [35m_bootstrap_inner[0m
    [1mself[0m[35m[1m.[0m[1mrun[0m[1m([0m[1m)[0m
    [36m│    └ [0m[36m[1m<function Thread.run at 0x00000246FED859D0>[0m
    [36m└ [0m[36m[1m<Thread(Thread-15, started daemon 10908)>[0m

  File "[32mC:\Program Files\WindowsApps\PythonSoftwareFoundation.Python.3.9_3.9.3568.0_x64__qbz5n2kfra8p0\lib\[0m[32m[1mthreading.py[0m", line [33m917[0m, in [35mrun[0m
    [1mself[0m[35m[1m.[0m[1m_target[0m[1m([0m[35m[1m*[0m[1mself[0m[35m[1m.[0m[1m_args[0m[1m,[0m [35m[1m**[0m[1mself[0m[35m[1m.[0m[1m_kwargs[0m[1m)[0m
    [36m│    │        │    │        │    └ [0m[36m[1m{}[0m
    [36m│    │        │    │        └ [0m[36m[1m<Thread(Thread-15, started daemon 10908)>[0m
    [36m│    │        │    └ [0m[36m[1m(<socket.socket fd=1608, family=AddressFamily.AF_INET, type=SocketKind.SOCK_STREAM, proto=0, laddr=('127.0.0.1', 5000), raddr...[0m
    [36m│    │        └ [0m[36m[1m<Thread(Thread-15, started daemon 10908)>[0m
    [36m│    └ [0m[36m[1m<bound method ThreadingMixIn.process_request_thread of <werkzeug.serving.ThreadedWSGIServer object at 0x0000024717CDA820>>[0m
    [36m└ [0m[36m[1m<Thread(Thread-15, started daemon 10908)>[0m

  File "[32mC:\Program Files\WindowsApps\PythonSoftwareFoundation.Python.3.9_3.9.3568.0_x64__qbz5n2kfra8p0\lib\[0m[32m[1msocketserver.py[0m", line [33m683[0m, in [35mprocess_request_thread[0m
    [1mself[0m[35m[1m.[0m[1mfinish_request[0m[1m([0m[1mrequest[0m[1m,[0m [1mclient_address[0m[1m)[0m
    [36m│    │              │        └ [0m[36m[1m('127.0.0.1', 60105)[0m
    [36m│    │              └ [0m[36m[1m<socket.socket fd=1608, family=AddressFamily.AF_INET, type=SocketKind.SOCK_STREAM, proto=0, laddr=('127.0.0.1', 5000), raddr=...[0m
    [36m│    └ [0m[36m[1m<function BaseServer.finish_request at 0x00000246FF52C700>[0m
    [36m└ [0m[36m[1m<werkzeug.serving.ThreadedWSGIServer object at 0x0000024717CDA820>[0m

  File "[32mC:\Program Files\WindowsApps\PythonSoftwareFoundation.Python.3.9_3.9.3568.0_x64__qbz5n2kfra8p0\lib\[0m[32m[1msocketserver.py[0m", line [33m360[0m, in [35mfinish_request[0m
    [1mself[0m[35m[1m.[0m[1mRequestHandlerClass[0m[1m([0m[1mrequest[0m[1m,[0m [1mclient_address[0m[1m,[0m [1mself[0m[1m)[0m
    [36m│    │                   │        │               └ [0m[36m[1m<werkzeug.serving.ThreadedWSGIServer object at 0x0000024717CDA820>[0m
    [36m│    │                   │        └ [0m[36m[1m('127.0.0.1', 60105)[0m
    [36m│    │                   └ [0m[36m[1m<socket.socket fd=1608, family=AddressFamily.AF_INET, type=SocketKind.SOCK_STREAM, proto=0, laddr=('127.0.0.1', 5000), raddr=...[0m
    [36m│    └ [0m[36m[1m<class 'werkzeug.serving.WSGIRequestHandler'>[0m
    [36m└ [0m[36m[1m<werkzeug.serving.ThreadedWSGIServer object at 0x0000024717CDA820>[0m

  File "[32mC:\Program Files\WindowsApps\PythonSoftwareFoundation.Python.3.9_3.9.3568.0_x64__qbz5n2kfra8p0\lib\[0m[32m[1msocketserver.py[0m", line [33m747[0m, in [35m__init__[0m
    [1mself[0m[35m[1m.[0m[1mhandle[0m[1m([0m[1m)[0m
    [36m│    └ [0m[36m[1m<function WSGIRequestHandler.handle at 0x00000246FF702B80>[0m
    [36m└ [0m[36m[1m<werkzeug.serving.WSGIRequestHandler object at 0x000002471806C5E0>[0m

  File "C:\Users\xmovi\AppData\Local\Packages\PythonSoftwareFoundation.Python.3.9_qbz5n2kfra8p0\LocalCache\local-packages\Python39\site-packages\werkzeug\serving.py", line 345, in handle
    BaseHTTPRequestHandler.handle(self)
    │                      │      └ <werkzeug.serving.WSGIRequestHandler object at 0x000002471806C5E0>
    │                      └ <function BaseHTTPRequestHandler.handle at 0x00000246FF674670>
    └ <class 'http.server.BaseHTTPRequestHandler'>

  File "[32mC:\Program Files\WindowsApps\PythonSoftwareFoundation.Python.3.9_3.9.3568.0_x64__qbz5n2kfra8p0\lib\http\[0m[32m[1mserver.py[0m", line [33m425[0m, in [35mhandle[0m
    [1mself[0m[35m[1m.[0m[1mhandle_one_request[0m[1m([0m[1m)[0m
    [36m│    └ [0m[36m[1m<function WSGIRequestHandler.handle_one_request at 0x00000246FF702D30>[0m
    [36m└ [0m[36m[1m<werkzeug.serving.WSGIRequestHandler object at 0x000002471806C5E0>[0m

  File "C:\Users\xmovi\AppData\Local\Packages\PythonSoftwareFoundation.Python.3.9_qbz5n2kfra8p0\LocalCache\local-packages\Python39\site-packages\werkzeug\serving.py", line 379, in handle_one_request
    return self.run_wsgi()
           │    └ <function WSGIRequestHandler.run_wsgi at 0x00000246FF702AF0>
           └ <werkzeug.serving.WSGIRequestHandler object at 0x000002471806C5E0>
  File "C:\Users\xmovi\AppData\Local\Packages\PythonSoftwareFoundation.Python.3.9_qbz5n2kfra8p0\LocalCache\local-packages\Python39\site-packages\werkzeug\serving.py", line 323, in run_wsgi
    execute(self.server.app)
    │       │    │      └ <werkzeug.debug.DebuggedApplication object at 0x0000024717C924F0>
    │       │    └ <werkzeug.serving.ThreadedWSGIServer object at 0x0000024717CDA820>
    │       └ <werkzeug.serving.WSGIRequestHandler object at 0x000002471806C5E0>
    └ <function WSGIRequestHandler.run_wsgi.<locals>.execute at 0x0000024718043040>
  File "C:\Users\xmovi\AppData\Local\Packages\PythonSoftwareFoundation.Python.3.9_qbz5n2kfra8p0\LocalCache\local-packages\Python39\site-packages\werkzeug\serving.py", line 314, in execute
    for data in application_iter:
                └ <generator object DebuggedApplication.debug_application at 0x0000024717CC4DD0>
  File "C:\Users\xmovi\AppData\Local\Packages\PythonSoftwareFoundation.Python.3.9_qbz5n2kfra8p0\LocalCache\local-packages\Python39\site-packages\werkzeug\debug\__init__.py", line 304, in debug_application
    app_iter = self.app(environ, start_response)
               │    │   │        └ <function WSGIRequestHandler.run_wsgi.<locals>.start_response at 0x0000024718049F70>
               │    │   └ {'wsgi.version': (1, 0), 'wsgi.url_scheme': 'http', 'wsgi.input': <_io.BufferedReader name=1608>, 'wsgi.errors': <_io.TextIOW...
               │    └ <Flask 'main'>
               └ <werkzeug.debug.DebuggedApplication object at 0x0000024717C924F0>
  File "C:\Users\xmovi\AppData\Local\Packages\PythonSoftwareFoundation.Python.3.9_qbz5n2kfra8p0\LocalCache\local-packages\Python39\site-packages\flask\app.py", line 2464, in __call__
    return self.wsgi_app(environ, start_response)
           │    │        │        └ <function WSGIRequestHandler.run_wsgi.<locals>.start_response at 0x0000024718049F70>
           │    │        └ {'wsgi.version': (1, 0), 'wsgi.url_scheme': 'http', 'wsgi.input': <_io.BufferedReader name=1608>, 'wsgi.errors': <_io.TextIOW...
           │    └ <function Flask.wsgi_app at 0x00000246FF9CBA60>
           └ <Flask 'main'>
  File "C:\Users\xmovi\AppData\Local\Packages\PythonSoftwareFoundation.Python.3.9_qbz5n2kfra8p0\LocalCache\local-packages\Python39\site-packages\flask\app.py", line 2447, in wsgi_app
    response = self.full_dispatch_request()
               │    └ <function Flask.full_dispatch_request at 0x00000246FF9CB160>
               └ <Flask 'main'>
> File "C:\Users\xmovi\AppData\Local\Packages\PythonSoftwareFoundation.Python.3.9_qbz5n2kfra8p0\LocalCache\local-packages\Python39\site-packages\flask\app.py", line 1950, in full_dispatch_request
    rv = self.dispatch_request()
         │    └ <function Flask.dispatch_request at 0x00000246FF9CB0D0>
         └ <Flask 'main'>
  File "C:\Users\xmovi\AppData\Local\Packages\PythonSoftwareFoundation.Python.3.9_qbz5n2kfra8p0\LocalCache\local-packages\Python39\site-packages\flask\app.py", line 1926, in dispatch_request
    self.raise_routing_exception(req)
    │    │                       └ <Request 'http://127.0.0.1:5000/dashboard/' [GET]>
    │    └ <function Flask.raise_routing_exception at 0x00000246FF9CB040>
    └ <Flask 'main'>
  File "C:\Users\xmovi\AppData\Local\Packages\PythonSoftwareFoundation.Python.3.9_qbz5n2kfra8p0\LocalCache\local-packages\Python39\site-packages\flask\app.py", line 1908, in raise_routing_exception
    raise request.routing_exception
          │       └ <NotFound '404: Not Found'>
          └ <Request 'http://127.0.0.1:5000/dashboard/' [GET]>
  File "C:\Users\xmovi\AppData\Local\Packages\PythonSoftwareFoundation.Python.3.9_qbz5n2kfra8p0\LocalCache\local-packages\Python39\site-packages\flask\ctx.py", line 350, in match_request
    result = self.url_adapter.match(return_rule=True)
             │    │           └ <function MapAdapter.match at 0x00000246FF92E8B0>
             │    └ <werkzeug.routing.MapAdapter object at 0x000002471802EAF0>
             └ <RequestContext 'http://127.0.0.1:5000/dashboard/' [GET] of main>
  File "C:\Users\xmovi\AppData\Local\Packages\PythonSoftwareFoundation.Python.3.9_qbz5n2kfra8p0\LocalCache\local-packages\Python39\site-packages\werkzeug\routing.py", line 1945, in match
    raise NotFound()
          └ <class 'werkzeug.exceptions.NotFound'>

[31m[1mwerkzeug.exceptions.NotFound[0m:[1m 404 Not Found: The requested URL was not found on the server. If you entered the URL manually please check your spelling and try again.[0m
[32m2022-10-12 19:56:56.750[0m | [31m[1mERROR   [0m | [36m__main__[0m:[36merror_page[0m:[36m59[0m - [31m[1m404 Not Found: The requested URL was not found on the server. If you entered the URL manually please check your spelling and try again.[0m
[33m[1mTraceback (most recent call last):[0m

  File "[32mC:\Program Files\WindowsApps\PythonSoftwareFoundation.Python.3.9_3.9.3568.0_x64__qbz5n2kfra8p0\lib\[0m[32m[1mthreading.py[0m", line [33m937[0m, in [35m_bootstrap[0m
    [1mself[0m[35m[1m.[0m[1m_bootstrap_inner[0m[1m([0m[1m)[0m
    [36m│    └ [0m[36m[1m<function Thread._bootstrap_inner at 0x00000246FED85CA0>[0m
    [36m└ [0m[36m[1m<Thread(Thread-16, started daemon 14948)>[0m

  File "[32mC:\Program Files\WindowsApps\PythonSoftwareFoundation.Python.3.9_3.9.3568.0_x64__qbz5n2kfra8p0\lib\[0m[32m[1mthreading.py[0m", line [33m980[0m, in [35m_bootstrap_inner[0m
    [1mself[0m[35m[1m.[0m[1mrun[0m[1m([0m[1m)[0m
    [36m│    └ [0m[36m[1m<function Thread.run at 0x00000246FED859D0>[0m
    [36m└ [0m[36m[1m<Thread(Thread-16, started daemon 14948)>[0m

  File "[32mC:\Program Files\WindowsApps\PythonSoftwareFoundation.Python.3.9_3.9.3568.0_x64__qbz5n2kfra8p0\lib\[0m[32m[1mthreading.py[0m", line [33m917[0m, in [35mrun[0m
    [1mself[0m[35m[1m.[0m[1m_target[0m[1m([0m[35m[1m*[0m[1mself[0m[35m[1m.[0m[1m_args[0m[1m,[0m [35m[1m**[0m[1mself[0m[35m[1m.[0m[1m_kwargs[0m[1m)[0m
    [36m│    │        │    │        │    └ [0m[36m[1m{}[0m
    [36m│    │        │    │        └ [0m[36m[1m<Thread(Thread-16, started daemon 14948)>[0m
    [36m│    │        │    └ [0m[36m[1m(<socket.socket fd=1772, family=AddressFamily.AF_INET, type=SocketKind.SOCK_STREAM, proto=0, laddr=('127.0.0.1', 5000), raddr...[0m
    [36m│    │        └ [0m[36m[1m<Thread(Thread-16, started daemon 14948)>[0m
    [36m│    └ [0m[36m[1m<bound method ThreadingMixIn.process_request_thread of <werkzeug.serving.ThreadedWSGIServer object at 0x0000024717CDA820>>[0m
    [36m└ [0m[36m[1m<Thread(Thread-16, started daemon 14948)>[0m

  File "[32mC:\Program Files\WindowsApps\PythonSoftwareFoundation.Python.3.9_3.9.3568.0_x64__qbz5n2kfra8p0\lib\[0m[32m[1msocketserver.py[0m", line [33m683[0m, in [35mprocess_request_thread[0m
    [1mself[0m[35m[1m.[0m[1mfinish_request[0m[1m([0m[1mrequest[0m[1m,[0m [1mclient_address[0m[1m)[0m
    [36m│    │              │        └ [0m[36m[1m('127.0.0.1', 60107)[0m
    [36m│    │              └ [0m[36m[1m<socket.socket fd=1772, family=AddressFamily.AF_INET, type=SocketKind.SOCK_STREAM, proto=0, laddr=('127.0.0.1', 5000), raddr=...[0m
    [36m│    └ [0m[36m[1m<function BaseServer.finish_request at 0x00000246FF52C700>[0m
    [36m└ [0m[36m[1m<werkzeug.serving.ThreadedWSGIServer object at 0x0000024717CDA820>[0m

  File "[32mC:\Program Files\WindowsApps\PythonSoftwareFoundation.Python.3.9_3.9.3568.0_x64__qbz5n2kfra8p0\lib\[0m[32m[1msocketserver.py[0m", line [33m360[0m, in [35mfinish_request[0m
    [1mself[0m[35m[1m.[0m[1mRequestHandlerClass[0m[1m([0m[1mrequest[0m[1m,[0m [1mclient_address[0m[1m,[0m [1mself[0m[1m)[0m
    [36m│    │                   │        │               └ [0m[36m[1m<werkzeug.serving.ThreadedWSGIServer object at 0x0000024717CDA820>[0m
    [36m│    │                   │        └ [0m[36m[1m('127.0.0.1', 60107)[0m
    [36m│    │                   └ [0m[36m[1m<socket.socket fd=1772, family=AddressFamily.AF_INET, type=SocketKind.SOCK_STREAM, proto=0, laddr=('127.0.0.1', 5000), raddr=...[0m
    [36m│    └ [0m[36m[1m<class 'werkzeug.serving.WSGIRequestHandler'>[0m
    [36m└ [0m[36m[1m<werkzeug.serving.ThreadedWSGIServer object at 0x0000024717CDA820>[0m

  File "[32mC:\Program Files\WindowsApps\PythonSoftwareFoundation.Python.3.9_3.9.3568.0_x64__qbz5n2kfra8p0\lib\[0m[32m[1msocketserver.py[0m", line [33m747[0m, in [35m__init__[0m
    [1mself[0m[35m[1m.[0m[1mhandle[0m[1m([0m[1m)[0m
    [36m│    └ [0m[36m[1m<function WSGIRequestHandler.handle at 0x00000246FF702B80>[0m
    [36m└ [0m[36m[1m<werkzeug.serving.WSGIRequestHandler object at 0x000002471802EF10>[0m

  File "C:\Users\xmovi\AppData\Local\Packages\PythonSoftwareFoundation.Python.3.9_qbz5n2kfra8p0\LocalCache\local-packages\Python39\site-packages\werkzeug\serving.py", line 345, in handle
    BaseHTTPRequestHandler.handle(self)
    │                      │      └ <werkzeug.serving.WSGIRequestHandler object at 0x000002471802EF10>
    │                      └ <function BaseHTTPRequestHandler.handle at 0x00000246FF674670>
    └ <class 'http.server.BaseHTTPRequestHandler'>

  File "[32mC:\Program Files\WindowsApps\PythonSoftwareFoundation.Python.3.9_3.9.3568.0_x64__qbz5n2kfra8p0\lib\http\[0m[32m[1mserver.py[0m", line [33m425[0m, in [35mhandle[0m
    [1mself[0m[35m[1m.[0m[1mhandle_one_request[0m[1m([0m[1m)[0m
    [36m│    └ [0m[36m[1m<function WSGIRequestHandler.handle_one_request at 0x00000246FF702D30>[0m
    [36m└ [0m[36m[1m<werkzeug.serving.WSGIRequestHandler object at 0x000002471802EF10>[0m

  File "C:\Users\xmovi\AppData\Local\Packages\PythonSoftwareFoundation.Python.3.9_qbz5n2kfra8p0\LocalCache\local-packages\Python39\site-packages\werkzeug\serving.py", line 379, in handle_one_request
    return self.run_wsgi()
           │    └ <function WSGIRequestHandler.run_wsgi at 0x00000246FF702AF0>
           └ <werkzeug.serving.WSGIRequestHandler object at 0x000002471802EF10>
  File "C:\Users\xmovi\AppData\Local\Packages\PythonSoftwareFoundation.Python.3.9_qbz5n2kfra8p0\LocalCache\local-packages\Python39\site-packages\werkzeug\serving.py", line 323, in run_wsgi
    execute(self.server.app)
    │       │    │      └ <werkzeug.debug.DebuggedApplication object at 0x0000024717C924F0>
    │       │    └ <werkzeug.serving.ThreadedWSGIServer object at 0x0000024717CDA820>
    │       └ <werkzeug.serving.WSGIRequestHandler object at 0x000002471802EF10>
    └ <function WSGIRequestHandler.run_wsgi.<locals>.execute at 0x00000247180433A0>
  File "C:\Users\xmovi\AppData\Local\Packages\PythonSoftwareFoundation.Python.3.9_qbz5n2kfra8p0\LocalCache\local-packages\Python39\site-packages\werkzeug\serving.py", line 314, in execute
    for data in application_iter:
                └ <generator object DebuggedApplication.debug_application at 0x0000024717CC4DD0>
  File "C:\Users\xmovi\AppData\Local\Packages\PythonSoftwareFoundation.Python.3.9_qbz5n2kfra8p0\LocalCache\local-packages\Python39\site-packages\werkzeug\debug\__init__.py", line 304, in debug_application
    app_iter = self.app(environ, start_response)
               │    │   │        └ <function WSGIRequestHandler.run_wsgi.<locals>.start_response at 0x0000024718043310>
               │    │   └ {'wsgi.version': (1, 0), 'wsgi.url_scheme': 'http', 'wsgi.input': <_io.BufferedReader name=1772>, 'wsgi.errors': <_io.TextIOW...
               │    └ <Flask 'main'>
               └ <werkzeug.debug.DebuggedApplication object at 0x0000024717C924F0>
  File "C:\Users\xmovi\AppData\Local\Packages\PythonSoftwareFoundation.Python.3.9_qbz5n2kfra8p0\LocalCache\local-packages\Python39\site-packages\flask\app.py", line 2464, in __call__
    return self.wsgi_app(environ, start_response)
           │    │        │        └ <function WSGIRequestHandler.run_wsgi.<locals>.start_response at 0x0000024718043310>
           │    │        └ {'wsgi.version': (1, 0), 'wsgi.url_scheme': 'http', 'wsgi.input': <_io.BufferedReader name=1772>, 'wsgi.errors': <_io.TextIOW...
           │    └ <function Flask.wsgi_app at 0x00000246FF9CBA60>
           └ <Flask 'main'>
  File "C:\Users\xmovi\AppData\Local\Packages\PythonSoftwareFoundation.Python.3.9_qbz5n2kfra8p0\LocalCache\local-packages\Python39\site-packages\flask\app.py", line 2447, in wsgi_app
    response = self.full_dispatch_request()
               │    └ <function Flask.full_dispatch_request at 0x00000246FF9CB160>
               └ <Flask 'main'>
> File "C:\Users\xmovi\AppData\Local\Packages\PythonSoftwareFoundation.Python.3.9_qbz5n2kfra8p0\LocalCache\local-packages\Python39\site-packages\flask\app.py", line 1950, in full_dispatch_request
    rv = self.dispatch_request()
         │    └ <function Flask.dispatch_request at 0x00000246FF9CB0D0>
         └ <Flask 'main'>
  File "C:\Users\xmovi\AppData\Local\Packages\PythonSoftwareFoundation.Python.3.9_qbz5n2kfra8p0\LocalCache\local-packages\Python39\site-packages\flask\app.py", line 1926, in dispatch_request
    self.raise_routing_exception(req)
    │    │                       └ <Request 'http://127.0.0.1:5000/dashboard/' [GET]>
    │    └ <function Flask.raise_routing_exception at 0x00000246FF9CB040>
    └ <Flask 'main'>
  File "C:\Users\xmovi\AppData\Local\Packages\PythonSoftwareFoundation.Python.3.9_qbz5n2kfra8p0\LocalCache\local-packages\Python39\site-packages\flask\app.py", line 1908, in raise_routing_exception
    raise request.routing_exception
          │       └ <NotFound '404: Not Found'>
          └ <Request 'http://127.0.0.1:5000/dashboard/' [GET]>
  File "C:\Users\xmovi\AppData\Local\Packages\PythonSoftwareFoundation.Python.3.9_qbz5n2kfra8p0\LocalCache\local-packages\Python39\site-packages\flask\ctx.py", line 350, in match_request
    result = self.url_adapter.match(return_rule=True)
             │    │           └ <function MapAdapter.match at 0x00000246FF92E8B0>
             │    └ <werkzeug.routing.MapAdapter object at 0x000002471802EC10>
             └ <RequestContext 'http://127.0.0.1:5000/dashboard/' [GET] of main>
  File "C:\Users\xmovi\AppData\Local\Packages\PythonSoftwareFoundation.Python.3.9_qbz5n2kfra8p0\LocalCache\local-packages\Python39\site-packages\werkzeug\routing.py", line 1945, in match
    raise NotFound()
          └ <class 'werkzeug.exceptions.NotFound'>

[31m[1mwerkzeug.exceptions.NotFound[0m:[1m 404 Not Found: The requested URL was not found on the server. If you entered the URL manually please check your spelling and try again.[0m
[32m2022-10-12 19:57:26.192[0m | [31m[1mERROR   [0m | [36m__main__[0m:[36merror_page[0m:[36m59[0m - [31m[1m404 Not Found: The requested URL was not found on the server. If you entered the URL manually please check your spelling and try again.[0m
[33m[1mTraceback (most recent call last):[0m

  File "[32mC:\Program Files\WindowsApps\PythonSoftwareFoundation.Python.3.9_3.9.3568.0_x64__qbz5n2kfra8p0\lib\[0m[32m[1mthreading.py[0m", line [33m937[0m, in [35m_bootstrap[0m
    [1mself[0m[35m[1m.[0m[1m_bootstrap_inner[0m[1m([0m[1m)[0m
    [36m│    └ [0m[36m[1m<function Thread._bootstrap_inner at 0x0000022E1E385CA0>[0m
    [36m└ [0m[36m[1m<Thread(Thread-9, started daemon 22616)>[0m

  File "[32mC:\Program Files\WindowsApps\PythonSoftwareFoundation.Python.3.9_3.9.3568.0_x64__qbz5n2kfra8p0\lib\[0m[32m[1mthreading.py[0m", line [33m980[0m, in [35m_bootstrap_inner[0m
    [1mself[0m[35m[1m.[0m[1mrun[0m[1m([0m[1m)[0m
    [36m│    └ [0m[36m[1m<function Thread.run at 0x0000022E1E3859D0>[0m
    [36m└ [0m[36m[1m<Thread(Thread-9, started daemon 22616)>[0m

  File "[32mC:\Program Files\WindowsApps\PythonSoftwareFoundation.Python.3.9_3.9.3568.0_x64__qbz5n2kfra8p0\lib\[0m[32m[1mthreading.py[0m", line [33m917[0m, in [35mrun[0m
    [1mself[0m[35m[1m.[0m[1m_target[0m[1m([0m[35m[1m*[0m[1mself[0m[35m[1m.[0m[1m_args[0m[1m,[0m [35m[1m**[0m[1mself[0m[35m[1m.[0m[1m_kwargs[0m[1m)[0m
    [36m│    │        │    │        │    └ [0m[36m[1m{}[0m
    [36m│    │        │    │        └ [0m[36m[1m<Thread(Thread-9, started daemon 22616)>[0m
    [36m│    │        │    └ [0m[36m[1m(<socket.socket fd=1228, family=AddressFamily.AF_INET, type=SocketKind.SOCK_STREAM, proto=0, laddr=('127.0.0.1', 5000), raddr...[0m
    [36m│    │        └ [0m[36m[1m<Thread(Thread-9, started daemon 22616)>[0m
    [36m│    └ [0m[36m[1m<bound method ThreadingMixIn.process_request_thread of <werkzeug.serving.ThreadedWSGIServer object at 0x0000022E372DA820>>[0m
    [36m└ [0m[36m[1m<Thread(Thread-9, started daemon 22616)>[0m

  File "[32mC:\Program Files\WindowsApps\PythonSoftwareFoundation.Python.3.9_3.9.3568.0_x64__qbz5n2kfra8p0\lib\[0m[32m[1msocketserver.py[0m", line [33m683[0m, in [35mprocess_request_thread[0m
    [1mself[0m[35m[1m.[0m[1mfinish_request[0m[1m([0m[1mrequest[0m[1m,[0m [1mclient_address[0m[1m)[0m
    [36m│    │              │        └ [0m[36m[1m('127.0.0.1', 60117)[0m
    [36m│    │              └ [0m[36m[1m<socket.socket fd=1228, family=AddressFamily.AF_INET, type=SocketKind.SOCK_STREAM, proto=0, laddr=('127.0.0.1', 5000), raddr=...[0m
    [36m│    └ [0m[36m[1m<function BaseServer.finish_request at 0x0000022E1E93C700>[0m
    [36m└ [0m[36m[1m<werkzeug.serving.ThreadedWSGIServer object at 0x0000022E372DA820>[0m

  File "[32mC:\Program Files\WindowsApps\PythonSoftwareFoundation.Python.3.9_3.9.3568.0_x64__qbz5n2kfra8p0\lib\[0m[32m[1msocketserver.py[0m", line [33m360[0m, in [35mfinish_request[0m
    [1mself[0m[35m[1m.[0m[1mRequestHandlerClass[0m[1m([0m[1mrequest[0m[1m,[0m [1mclient_address[0m[1m,[0m [1mself[0m[1m)[0m
    [36m│    │                   │        │               └ [0m[36m[1m<werkzeug.serving.ThreadedWSGIServer object at 0x0000022E372DA820>[0m
    [36m│    │                   │        └ [0m[36m[1m('127.0.0.1', 60117)[0m
    [36m│    │                   └ [0m[36m[1m<socket.socket fd=1228, family=AddressFamily.AF_INET, type=SocketKind.SOCK_STREAM, proto=0, laddr=('127.0.0.1', 5000), raddr=...[0m
    [36m│    └ [0m[36m[1m<class 'werkzeug.serving.WSGIRequestHandler'>[0m
    [36m└ [0m[36m[1m<werkzeug.serving.ThreadedWSGIServer object at 0x0000022E372DA820>[0m

  File "[32mC:\Program Files\WindowsApps\PythonSoftwareFoundation.Python.3.9_3.9.3568.0_x64__qbz5n2kfra8p0\lib\[0m[32m[1msocketserver.py[0m", line [33m747[0m, in [35m__init__[0m
    [1mself[0m[35m[1m.[0m[1mhandle[0m[1m([0m[1m)[0m
    [36m│    └ [0m[36m[1m<function WSGIRequestHandler.handle at 0x0000022E1ED22B80>[0m
    [36m└ [0m[36m[1m<werkzeug.serving.WSGIRequestHandler object at 0x0000022E37356A60>[0m

  File "C:\Users\xmovi\AppData\Local\Packages\PythonSoftwareFoundation.Python.3.9_qbz5n2kfra8p0\LocalCache\local-packages\Python39\site-packages\werkzeug\serving.py", line 345, in handle
    BaseHTTPRequestHandler.handle(self)
    │                      │      └ <werkzeug.serving.WSGIRequestHandler object at 0x0000022E37356A60>
    │                      └ <function BaseHTTPRequestHandler.handle at 0x0000022E1ECA5670>
    └ <class 'http.server.BaseHTTPRequestHandler'>

  File "[32mC:\Program Files\WindowsApps\PythonSoftwareFoundation.Python.3.9_3.9.3568.0_x64__qbz5n2kfra8p0\lib\http\[0m[32m[1mserver.py[0m", line [33m425[0m, in [35mhandle[0m
    [1mself[0m[35m[1m.[0m[1mhandle_one_request[0m[1m([0m[1m)[0m
    [36m│    └ [0m[36m[1m<function WSGIRequestHandler.handle_one_request at 0x0000022E1ED22D30>[0m
    [36m└ [0m[36m[1m<werkzeug.serving.WSGIRequestHandler object at 0x0000022E37356A60>[0m

  File "C:\Users\xmovi\AppData\Local\Packages\PythonSoftwareFoundation.Python.3.9_qbz5n2kfra8p0\LocalCache\local-packages\Python39\site-packages\werkzeug\serving.py", line 379, in handle_one_request
    return self.run_wsgi()
           │    └ <function WSGIRequestHandler.run_wsgi at 0x0000022E1ED22AF0>
           └ <werkzeug.serving.WSGIRequestHandler object at 0x0000022E37356A60>
  File "C:\Users\xmovi\AppData\Local\Packages\PythonSoftwareFoundation.Python.3.9_qbz5n2kfra8p0\LocalCache\local-packages\Python39\site-packages\werkzeug\serving.py", line 323, in run_wsgi
    execute(self.server.app)
    │       │    │      └ <werkzeug.debug.DebuggedApplication object at 0x0000022E372924F0>
    │       │    └ <werkzeug.serving.ThreadedWSGIServer object at 0x0000022E372DA820>
    │       └ <werkzeug.serving.WSGIRequestHandler object at 0x0000022E37356A60>
    └ <function WSGIRequestHandler.run_wsgi.<locals>.execute at 0x0000022E373368B0>
  File "C:\Users\xmovi\AppData\Local\Packages\PythonSoftwareFoundation.Python.3.9_qbz5n2kfra8p0\LocalCache\local-packages\Python39\site-packages\werkzeug\serving.py", line 314, in execute
    for data in application_iter:
                └ <generator object DebuggedApplication.debug_application at 0x0000022E372C4DD0>
  File "C:\Users\xmovi\AppData\Local\Packages\PythonSoftwareFoundation.Python.3.9_qbz5n2kfra8p0\LocalCache\local-packages\Python39\site-packages\werkzeug\debug\__init__.py", line 304, in debug_application
    app_iter = self.app(environ, start_response)
               │    │   │        └ <function WSGIRequestHandler.run_wsgi.<locals>.start_response at 0x0000022E37336790>
               │    │   └ {'wsgi.version': (1, 0), 'wsgi.url_scheme': 'http', 'wsgi.input': <_io.BufferedReader name=1228>, 'wsgi.errors': <_io.TextIOW...
               │    └ <Flask 'main'>
               └ <werkzeug.debug.DebuggedApplication object at 0x0000022E372924F0>
  File "C:\Users\xmovi\AppData\Local\Packages\PythonSoftwareFoundation.Python.3.9_qbz5n2kfra8p0\LocalCache\local-packages\Python39\site-packages\flask\app.py", line 2464, in __call__
    return self.wsgi_app(environ, start_response)
           │    │        │        └ <function WSGIRequestHandler.run_wsgi.<locals>.start_response at 0x0000022E37336790>
           │    │        └ {'wsgi.version': (1, 0), 'wsgi.url_scheme': 'http', 'wsgi.input': <_io.BufferedReader name=1228>, 'wsgi.errors': <_io.TextIOW...
           │    └ <function Flask.wsgi_app at 0x0000022E2020BA60>
           └ <Flask 'main'>
  File "C:\Users\xmovi\AppData\Local\Packages\PythonSoftwareFoundation.Python.3.9_qbz5n2kfra8p0\LocalCache\local-packages\Python39\site-packages\flask\app.py", line 2447, in wsgi_app
    response = self.full_dispatch_request()
               │    └ <function Flask.full_dispatch_request at 0x0000022E2020B160>
               └ <Flask 'main'>
> File "C:\Users\xmovi\AppData\Local\Packages\PythonSoftwareFoundation.Python.3.9_qbz5n2kfra8p0\LocalCache\local-packages\Python39\site-packages\flask\app.py", line 1950, in full_dispatch_request
    rv = self.dispatch_request()
         │    └ <function Flask.dispatch_request at 0x0000022E2020B0D0>
         └ <Flask 'main'>
  File "C:\Users\xmovi\AppData\Local\Packages\PythonSoftwareFoundation.Python.3.9_qbz5n2kfra8p0\LocalCache\local-packages\Python39\site-packages\flask\app.py", line 1926, in dispatch_request
    self.raise_routing_exception(req)
    │    │                       └ <Request 'http://127.0.0.1:5000/login/' [GET]>
    │    └ <function Flask.raise_routing_exception at 0x0000022E2020B040>
    └ <Flask 'main'>
  File "C:\Users\xmovi\AppData\Local\Packages\PythonSoftwareFoundation.Python.3.9_qbz5n2kfra8p0\LocalCache\local-packages\Python39\site-packages\flask\app.py", line 1908, in raise_routing_exception
    raise request.routing_exception
          │       └ <NotFound '404: Not Found'>
          └ <Request 'http://127.0.0.1:5000/login/' [GET]>
  File "C:\Users\xmovi\AppData\Local\Packages\PythonSoftwareFoundation.Python.3.9_qbz5n2kfra8p0\LocalCache\local-packages\Python39\site-packages\flask\ctx.py", line 350, in match_request
    result = self.url_adapter.match(return_rule=True)
             │    │           └ <function MapAdapter.match at 0x0000022E1EF3E8B0>
             │    └ <werkzeug.routing.MapAdapter object at 0x0000022E373565E0>
             └ <RequestContext 'http://127.0.0.1:5000/login/' [GET] of main>
  File "C:\Users\xmovi\AppData\Local\Packages\PythonSoftwareFoundation.Python.3.9_qbz5n2kfra8p0\LocalCache\local-packages\Python39\site-packages\werkzeug\routing.py", line 1945, in match
    raise NotFound()
          └ <class 'werkzeug.exceptions.NotFound'>

[31m[1mwerkzeug.exceptions.NotFound[0m:[1m 404 Not Found: The requested URL was not found on the server. If you entered the URL manually please check your spelling and try again.[0m
[32m2022-10-12 19:58:49.348[0m | [31m[1mERROR   [0m | [36m__main__[0m:[36merror_page[0m:[36m59[0m - [31m[1m404 Not Found: The requested URL was not found on the server. If you entered the URL manually please check your spelling and try again.[0m
[33m[1mTraceback (most recent call last):[0m

  File "[32mC:\Program Files\WindowsApps\PythonSoftwareFoundation.Python.3.9_3.9.3568.0_x64__qbz5n2kfra8p0\lib\[0m[32m[1mthreading.py[0m", line [33m937[0m, in [35m_bootstrap[0m
    [1mself[0m[35m[1m.[0m[1m_bootstrap_inner[0m[1m([0m[1m)[0m
    [36m│    └ [0m[36m[1m<function Thread._bootstrap_inner at 0x0000022E1E385CA0>[0m
    [36m└ [0m[36m[1m<Thread(Thread-18, started daemon 27416)>[0m

  File "[32mC:\Program Files\WindowsApps\PythonSoftwareFoundation.Python.3.9_3.9.3568.0_x64__qbz5n2kfra8p0\lib\[0m[32m[1mthreading.py[0m", line [33m980[0m, in [35m_bootstrap_inner[0m
    [1mself[0m[35m[1m.[0m[1mrun[0m[1m([0m[1m)[0m
    [36m│    └ [0m[36m[1m<function Thread.run at 0x0000022E1E3859D0>[0m
    [36m└ [0m[36m[1m<Thread(Thread-18, started daemon 27416)>[0m

  File "[32mC:\Program Files\WindowsApps\PythonSoftwareFoundation.Python.3.9_3.9.3568.0_x64__qbz5n2kfra8p0\lib\[0m[32m[1mthreading.py[0m", line [33m917[0m, in [35mrun[0m
    [1mself[0m[35m[1m.[0m[1m_target[0m[1m([0m[35m[1m*[0m[1mself[0m[35m[1m.[0m[1m_args[0m[1m,[0m [35m[1m**[0m[1mself[0m[35m[1m.[0m[1m_kwargs[0m[1m)[0m
    [36m│    │        │    │        │    └ [0m[36m[1m{}[0m
    [36m│    │        │    │        └ [0m[36m[1m<Thread(Thread-18, started daemon 27416)>[0m
    [36m│    │        │    └ [0m[36m[1m(<socket.socket fd=1872, family=AddressFamily.AF_INET, type=SocketKind.SOCK_STREAM, proto=0, laddr=('127.0.0.1', 5000), raddr...[0m
    [36m│    │        └ [0m[36m[1m<Thread(Thread-18, started daemon 27416)>[0m
    [36m│    └ [0m[36m[1m<bound method ThreadingMixIn.process_request_thread of <werkzeug.serving.ThreadedWSGIServer object at 0x0000022E372DA820>>[0m
    [36m└ [0m[36m[1m<Thread(Thread-18, started daemon 27416)>[0m

  File "[32mC:\Program Files\WindowsApps\PythonSoftwareFoundation.Python.3.9_3.9.3568.0_x64__qbz5n2kfra8p0\lib\[0m[32m[1msocketserver.py[0m", line [33m683[0m, in [35mprocess_request_thread[0m
    [1mself[0m[35m[1m.[0m[1mfinish_request[0m[1m([0m[1mrequest[0m[1m,[0m [1mclient_address[0m[1m)[0m
    [36m│    │              │        └ [0m[36m[1m('127.0.0.1', 60187)[0m
    [36m│    │              └ [0m[36m[1m<socket.socket fd=1872, family=AddressFamily.AF_INET, type=SocketKind.SOCK_STREAM, proto=0, laddr=('127.0.0.1', 5000), raddr=...[0m
    [36m│    └ [0m[36m[1m<function BaseServer.finish_request at 0x0000022E1E93C700>[0m
    [36m└ [0m[36m[1m<werkzeug.serving.ThreadedWSGIServer object at 0x0000022E372DA820>[0m

  File "[32mC:\Program Files\WindowsApps\PythonSoftwareFoundation.Python.3.9_3.9.3568.0_x64__qbz5n2kfra8p0\lib\[0m[32m[1msocketserver.py[0m", line [33m360[0m, in [35mfinish_request[0m
    [1mself[0m[35m[1m.[0m[1mRequestHandlerClass[0m[1m([0m[1mrequest[0m[1m,[0m [1mclient_address[0m[1m,[0m [1mself[0m[1m)[0m
    [36m│    │                   │        │               └ [0m[36m[1m<werkzeug.serving.ThreadedWSGIServer object at 0x0000022E372DA820>[0m
    [36m│    │                   │        └ [0m[36m[1m('127.0.0.1', 60187)[0m
    [36m│    │                   └ [0m[36m[1m<socket.socket fd=1872, family=AddressFamily.AF_INET, type=SocketKind.SOCK_STREAM, proto=0, laddr=('127.0.0.1', 5000), raddr=...[0m
    [36m│    └ [0m[36m[1m<class 'werkzeug.serving.WSGIRequestHandler'>[0m
    [36m└ [0m[36m[1m<werkzeug.serving.ThreadedWSGIServer object at 0x0000022E372DA820>[0m

  File "[32mC:\Program Files\WindowsApps\PythonSoftwareFoundation.Python.3.9_3.9.3568.0_x64__qbz5n2kfra8p0\lib\[0m[32m[1msocketserver.py[0m", line [33m747[0m, in [35m__init__[0m
    [1mself[0m[35m[1m.[0m[1mhandle[0m[1m([0m[1m)[0m
    [36m│    └ [0m[36m[1m<function WSGIRequestHandler.handle at 0x0000022E1ED22B80>[0m
    [36m└ [0m[36m[1m<werkzeug.serving.WSGIRequestHandler object at 0x0000022E3766C580>[0m

  File "C:\Users\xmovi\AppData\Local\Packages\PythonSoftwareFoundation.Python.3.9_qbz5n2kfra8p0\LocalCache\local-packages\Python39\site-packages\werkzeug\serving.py", line 345, in handle
    BaseHTTPRequestHandler.handle(self)
    │                      │      └ <werkzeug.serving.WSGIRequestHandler object at 0x0000022E3766C580>
    │                      └ <function BaseHTTPRequestHandler.handle at 0x0000022E1ECA5670>
    └ <class 'http.server.BaseHTTPRequestHandler'>

  File "[32mC:\Program Files\WindowsApps\PythonSoftwareFoundation.Python.3.9_3.9.3568.0_x64__qbz5n2kfra8p0\lib\http\[0m[32m[1mserver.py[0m", line [33m425[0m, in [35mhandle[0m
    [1mself[0m[35m[1m.[0m[1mhandle_one_request[0m[1m([0m[1m)[0m
    [36m│    └ [0m[36m[1m<function WSGIRequestHandler.handle_one_request at 0x0000022E1ED22D30>[0m
    [36m└ [0m[36m[1m<werkzeug.serving.WSGIRequestHandler object at 0x0000022E3766C580>[0m

  File "C:\Users\xmovi\AppData\Local\Packages\PythonSoftwareFoundation.Python.3.9_qbz5n2kfra8p0\LocalCache\local-packages\Python39\site-packages\werkzeug\serving.py", line 379, in handle_one_request
    return self.run_wsgi()
           │    └ <function WSGIRequestHandler.run_wsgi at 0x0000022E1ED22AF0>
           └ <werkzeug.serving.WSGIRequestHandler object at 0x0000022E3766C580>
  File "C:\Users\xmovi\AppData\Local\Packages\PythonSoftwareFoundation.Python.3.9_qbz5n2kfra8p0\LocalCache\local-packages\Python39\site-packages\werkzeug\serving.py", line 323, in run_wsgi
    execute(self.server.app)
    │       │    │      └ <werkzeug.debug.DebuggedApplication object at 0x0000022E372924F0>
    │       │    └ <werkzeug.serving.ThreadedWSGIServer object at 0x0000022E372DA820>
    │       └ <werkzeug.serving.WSGIRequestHandler object at 0x0000022E3766C580>
    └ <function WSGIRequestHandler.run_wsgi.<locals>.execute at 0x0000022E3766E3A0>
  File "C:\Users\xmovi\AppData\Local\Packages\PythonSoftwareFoundation.Python.3.9_qbz5n2kfra8p0\LocalCache\local-packages\Python39\site-packages\werkzeug\serving.py", line 314, in execute
    for data in application_iter:
                └ <generator object DebuggedApplication.debug_application at 0x0000022E372C4DD0>
  File "C:\Users\xmovi\AppData\Local\Packages\PythonSoftwareFoundation.Python.3.9_qbz5n2kfra8p0\LocalCache\local-packages\Python39\site-packages\werkzeug\debug\__init__.py", line 304, in debug_application
    app_iter = self.app(environ, start_response)
               │    │   │        └ <function WSGIRequestHandler.run_wsgi.<locals>.start_response at 0x0000022E3766E280>
               │    │   └ {'wsgi.version': (1, 0), 'wsgi.url_scheme': 'http', 'wsgi.input': <_io.BufferedReader name=1872>, 'wsgi.errors': <_io.TextIOW...
               │    └ <Flask 'main'>
               └ <werkzeug.debug.DebuggedApplication object at 0x0000022E372924F0>
  File "C:\Users\xmovi\AppData\Local\Packages\PythonSoftwareFoundation.Python.3.9_qbz5n2kfra8p0\LocalCache\local-packages\Python39\site-packages\flask\app.py", line 2464, in __call__
    return self.wsgi_app(environ, start_response)
           │    │        │        └ <function WSGIRequestHandler.run_wsgi.<locals>.start_response at 0x0000022E3766E280>
           │    │        └ {'wsgi.version': (1, 0), 'wsgi.url_scheme': 'http', 'wsgi.input': <_io.BufferedReader name=1872>, 'wsgi.errors': <_io.TextIOW...
           │    └ <function Flask.wsgi_app at 0x0000022E2020BA60>
           └ <Flask 'main'>
  File "C:\Users\xmovi\AppData\Local\Packages\PythonSoftwareFoundation.Python.3.9_qbz5n2kfra8p0\LocalCache\local-packages\Python39\site-packages\flask\app.py", line 2447, in wsgi_app
    response = self.full_dispatch_request()
               │    └ <function Flask.full_dispatch_request at 0x0000022E2020B160>
               └ <Flask 'main'>
> File "C:\Users\xmovi\AppData\Local\Packages\PythonSoftwareFoundation.Python.3.9_qbz5n2kfra8p0\LocalCache\local-packages\Python39\site-packages\flask\app.py", line 1950, in full_dispatch_request
    rv = self.dispatch_request()
         │    └ <function Flask.dispatch_request at 0x0000022E2020B0D0>
         └ <Flask 'main'>
  File "C:\Users\xmovi\AppData\Local\Packages\PythonSoftwareFoundation.Python.3.9_qbz5n2kfra8p0\LocalCache\local-packages\Python39\site-packages\flask\app.py", line 1926, in dispatch_request
    self.raise_routing_exception(req)
    │    │                       └ <Request 'http://127.0.0.1:5000/login/' [GET]>
    │    └ <function Flask.raise_routing_exception at 0x0000022E2020B040>
    └ <Flask 'main'>
  File "C:\Users\xmovi\AppData\Local\Packages\PythonSoftwareFoundation.Python.3.9_qbz5n2kfra8p0\LocalCache\local-packages\Python39\site-packages\flask\app.py", line 1908, in raise_routing_exception
    raise request.routing_exception
          │       └ <NotFound '404: Not Found'>
          └ <Request 'http://127.0.0.1:5000/login/' [GET]>
  File "C:\Users\xmovi\AppData\Local\Packages\PythonSoftwareFoundation.Python.3.9_qbz5n2kfra8p0\LocalCache\local-packages\Python39\site-packages\flask\ctx.py", line 350, in match_request
    result = self.url_adapter.match(return_rule=True)
             │    │           └ <function MapAdapter.match at 0x0000022E1EF3E8B0>
             │    └ <werkzeug.routing.MapAdapter object at 0x0000022E3766C310>
             └ <RequestContext 'http://127.0.0.1:5000/login/' [GET] of main>
  File "C:\Users\xmovi\AppData\Local\Packages\PythonSoftwareFoundation.Python.3.9_qbz5n2kfra8p0\LocalCache\local-packages\Python39\site-packages\werkzeug\routing.py", line 1945, in match
    raise NotFound()
          └ <class 'werkzeug.exceptions.NotFound'>

[31m[1mwerkzeug.exceptions.NotFound[0m:[1m 404 Not Found: The requested URL was not found on the server. If you entered the URL manually please check your spelling and try again.[0m
[32m2022-10-12 20:01:29.818[0m | [31m[1mERROR   [0m | [36m__main__[0m:[36merror_page[0m:[36m59[0m - [31m[1m404 Not Found: The requested URL was not found on the server. If you entered the URL manually please check your spelling and try again.[0m
[33m[1mTraceback (most recent call last):[0m

  File "[32mC:\Program Files\WindowsApps\PythonSoftwareFoundation.Python.3.9_3.9.3568.0_x64__qbz5n2kfra8p0\lib\[0m[32m[1mthreading.py[0m", line [33m937[0m, in [35m_bootstrap[0m
    [1mself[0m[35m[1m.[0m[1m_bootstrap_inner[0m[1m([0m[1m)[0m
    [36m│    └ [0m[36m[1m<function Thread._bootstrap_inner at 0x0000012A50CB5CA0>[0m
    [36m└ [0m[36m[1m<Thread(Thread-18, started daemon 10672)>[0m

  File "[32mC:\Program Files\WindowsApps\PythonSoftwareFoundation.Python.3.9_3.9.3568.0_x64__qbz5n2kfra8p0\lib\[0m[32m[1mthreading.py[0m", line [33m980[0m, in [35m_bootstrap_inner[0m
    [1mself[0m[35m[1m.[0m[1mrun[0m[1m([0m[1m)[0m
    [36m│    └ [0m[36m[1m<function Thread.run at 0x0000012A50CB59D0>[0m
    [36m└ [0m[36m[1m<Thread(Thread-18, started daemon 10672)>[0m

  File "[32mC:\Program Files\WindowsApps\PythonSoftwareFoundation.Python.3.9_3.9.3568.0_x64__qbz5n2kfra8p0\lib\[0m[32m[1mthreading.py[0m", line [33m917[0m, in [35mrun[0m
    [1mself[0m[35m[1m.[0m[1m_target[0m[1m([0m[35m[1m*[0m[1mself[0m[35m[1m.[0m[1m_args[0m[1m,[0m [35m[1m**[0m[1mself[0m[35m[1m.[0m[1m_kwargs[0m[1m)[0m
    [36m│    │        │    │        │    └ [0m[36m[1m{}[0m
    [36m│    │        │    │        └ [0m[36m[1m<Thread(Thread-18, started daemon 10672)>[0m
    [36m│    │        │    └ [0m[36m[1m(<socket.socket fd=1636, family=AddressFamily.AF_INET, type=SocketKind.SOCK_STREAM, proto=0, laddr=('127.0.0.1', 5000), raddr...[0m
    [36m│    │        └ [0m[36m[1m<Thread(Thread-18, started daemon 10672)>[0m
    [36m│    └ [0m[36m[1m<bound method ThreadingMixIn.process_request_thread of <werkzeug.serving.ThreadedWSGIServer object at 0x0000012A69C1A820>>[0m
    [36m└ [0m[36m[1m<Thread(Thread-18, started daemon 10672)>[0m

  File "[32mC:\Program Files\WindowsApps\PythonSoftwareFoundation.Python.3.9_3.9.3568.0_x64__qbz5n2kfra8p0\lib\[0m[32m[1msocketserver.py[0m", line [33m683[0m, in [35mprocess_request_thread[0m
    [1mself[0m[35m[1m.[0m[1mfinish_request[0m[1m([0m[1mrequest[0m[1m,[0m [1mclient_address[0m[1m)[0m
    [36m│    │              │        └ [0m[36m[1m('127.0.0.1', 60418)[0m
    [36m│    │              └ [0m[36m[1m<socket.socket fd=1636, family=AddressFamily.AF_INET, type=SocketKind.SOCK_STREAM, proto=0, laddr=('127.0.0.1', 5000), raddr=...[0m
    [36m│    └ [0m[36m[1m<function BaseServer.finish_request at 0x0000012A5126C700>[0m
    [36m└ [0m[36m[1m<werkzeug.serving.ThreadedWSGIServer object at 0x0000012A69C1A820>[0m

  File "[32mC:\Program Files\WindowsApps\PythonSoftwareFoundation.Python.3.9_3.9.3568.0_x64__qbz5n2kfra8p0\lib\[0m[32m[1msocketserver.py[0m", line [33m360[0m, in [35mfinish_request[0m
    [1mself[0m[35m[1m.[0m[1mRequestHandlerClass[0m[1m([0m[1mrequest[0m[1m,[0m [1mclient_address[0m[1m,[0m [1mself[0m[1m)[0m
    [36m│    │                   │        │               └ [0m[36m[1m<werkzeug.serving.ThreadedWSGIServer object at 0x0000012A69C1A820>[0m
    [36m│    │                   │        └ [0m[36m[1m('127.0.0.1', 60418)[0m
    [36m│    │                   └ [0m[36m[1m<socket.socket fd=1636, family=AddressFamily.AF_INET, type=SocketKind.SOCK_STREAM, proto=0, laddr=('127.0.0.1', 5000), raddr=...[0m
    [36m│    └ [0m[36m[1m<class 'werkzeug.serving.WSGIRequestHandler'>[0m
    [36m└ [0m[36m[1m<werkzeug.serving.ThreadedWSGIServer object at 0x0000012A69C1A820>[0m

  File "[32mC:\Program Files\WindowsApps\PythonSoftwareFoundation.Python.3.9_3.9.3568.0_x64__qbz5n2kfra8p0\lib\[0m[32m[1msocketserver.py[0m", line [33m747[0m, in [35m__init__[0m
    [1mself[0m[35m[1m.[0m[1mhandle[0m[1m([0m[1m)[0m
    [36m│    └ [0m[36m[1m<function WSGIRequestHandler.handle at 0x0000012A51442B80>[0m
    [36m└ [0m[36m[1m<werkzeug.serving.WSGIRequestHandler object at 0x0000012A69C90220>[0m

  File "C:\Users\xmovi\AppData\Local\Packages\PythonSoftwareFoundation.Python.3.9_qbz5n2kfra8p0\LocalCache\local-packages\Python39\site-packages\werkzeug\serving.py", line 345, in handle
    BaseHTTPRequestHandler.handle(self)
    │                      │      └ <werkzeug.serving.WSGIRequestHandler object at 0x0000012A69C90220>
    │                      └ <function BaseHTTPRequestHandler.handle at 0x0000012A513B5670>
    └ <class 'http.server.BaseHTTPRequestHandler'>

  File "[32mC:\Program Files\WindowsApps\PythonSoftwareFoundation.Python.3.9_3.9.3568.0_x64__qbz5n2kfra8p0\lib\http\[0m[32m[1mserver.py[0m", line [33m425[0m, in [35mhandle[0m
    [1mself[0m[35m[1m.[0m[1mhandle_one_request[0m[1m([0m[1m)[0m
    [36m│    └ [0m[36m[1m<function WSGIRequestHandler.handle_one_request at 0x0000012A51442D30>[0m
    [36m└ [0m[36m[1m<werkzeug.serving.WSGIRequestHandler object at 0x0000012A69C90220>[0m

  File "C:\Users\xmovi\AppData\Local\Packages\PythonSoftwareFoundation.Python.3.9_qbz5n2kfra8p0\LocalCache\local-packages\Python39\site-packages\werkzeug\serving.py", line 379, in handle_one_request
    return self.run_wsgi()
           │    └ <function WSGIRequestHandler.run_wsgi at 0x0000012A51442AF0>
           └ <werkzeug.serving.WSGIRequestHandler object at 0x0000012A69C90220>
  File "C:\Users\xmovi\AppData\Local\Packages\PythonSoftwareFoundation.Python.3.9_qbz5n2kfra8p0\LocalCache\local-packages\Python39\site-packages\werkzeug\serving.py", line 323, in run_wsgi
    execute(self.server.app)
    │       │    │      └ <werkzeug.debug.DebuggedApplication object at 0x0000012A699C24F0>
    │       │    └ <werkzeug.serving.ThreadedWSGIServer object at 0x0000012A69C1A820>
    │       └ <werkzeug.serving.WSGIRequestHandler object at 0x0000012A69C90220>
    └ <function WSGIRequestHandler.run_wsgi.<locals>.execute at 0x0000012A69C77DC0>
  File "C:\Users\xmovi\AppData\Local\Packages\PythonSoftwareFoundation.Python.3.9_qbz5n2kfra8p0\LocalCache\local-packages\Python39\site-packages\werkzeug\serving.py", line 314, in execute
    for data in application_iter:
                └ <generator object DebuggedApplication.debug_application at 0x0000012A69C04DD0>
  File "C:\Users\xmovi\AppData\Local\Packages\PythonSoftwareFoundation.Python.3.9_qbz5n2kfra8p0\LocalCache\local-packages\Python39\site-packages\werkzeug\debug\__init__.py", line 304, in debug_application
    app_iter = self.app(environ, start_response)
               │    │   │        └ <function WSGIRequestHandler.run_wsgi.<locals>.start_response at 0x0000012A69C77CA0>
               │    │   └ {'wsgi.version': (1, 0), 'wsgi.url_scheme': 'http', 'wsgi.input': <_io.BufferedReader name=1636>, 'wsgi.errors': <_io.TextIOW...
               │    └ <Flask 'main'>
               └ <werkzeug.debug.DebuggedApplication object at 0x0000012A699C24F0>
  File "C:\Users\xmovi\AppData\Local\Packages\PythonSoftwareFoundation.Python.3.9_qbz5n2kfra8p0\LocalCache\local-packages\Python39\site-packages\flask\app.py", line 2464, in __call__
    return self.wsgi_app(environ, start_response)
           │    │        │        └ <function WSGIRequestHandler.run_wsgi.<locals>.start_response at 0x0000012A69C77CA0>
           │    │        └ {'wsgi.version': (1, 0), 'wsgi.url_scheme': 'http', 'wsgi.input': <_io.BufferedReader name=1636>, 'wsgi.errors': <_io.TextIOW...
           │    └ <function Flask.wsgi_app at 0x0000012A5170BA60>
           └ <Flask 'main'>
  File "C:\Users\xmovi\AppData\Local\Packages\PythonSoftwareFoundation.Python.3.9_qbz5n2kfra8p0\LocalCache\local-packages\Python39\site-packages\flask\app.py", line 2447, in wsgi_app
    response = self.full_dispatch_request()
               │    └ <function Flask.full_dispatch_request at 0x0000012A5170B160>
               └ <Flask 'main'>
> File "C:\Users\xmovi\AppData\Local\Packages\PythonSoftwareFoundation.Python.3.9_qbz5n2kfra8p0\LocalCache\local-packages\Python39\site-packages\flask\app.py", line 1950, in full_dispatch_request
    rv = self.dispatch_request()
         │    └ <function Flask.dispatch_request at 0x0000012A5170B0D0>
         └ <Flask 'main'>
  File "C:\Users\xmovi\AppData\Local\Packages\PythonSoftwareFoundation.Python.3.9_qbz5n2kfra8p0\LocalCache\local-packages\Python39\site-packages\flask\app.py", line 1926, in dispatch_request
    self.raise_routing_exception(req)
    │    │                       └ <Request 'http://127.0.0.1:5000/login/' [GET]>
    │    └ <function Flask.raise_routing_exception at 0x0000012A5170B040>
    └ <Flask 'main'>
  File "C:\Users\xmovi\AppData\Local\Packages\PythonSoftwareFoundation.Python.3.9_qbz5n2kfra8p0\LocalCache\local-packages\Python39\site-packages\flask\app.py", line 1908, in raise_routing_exception
    raise request.routing_exception
          │       └ <NotFound '404: Not Found'>
          └ <Request 'http://127.0.0.1:5000/login/' [GET]>
  File "C:\Users\xmovi\AppData\Local\Packages\PythonSoftwareFoundation.Python.3.9_qbz5n2kfra8p0\LocalCache\local-packages\Python39\site-packages\flask\ctx.py", line 350, in match_request
    result = self.url_adapter.match(return_rule=True)
             │    │           └ <function MapAdapter.match at 0x0000012A5166E8B0>
             │    └ <werkzeug.routing.MapAdapter object at 0x0000012A69C90520>
             └ <RequestContext 'http://127.0.0.1:5000/login/' [GET] of main>
  File "C:\Users\xmovi\AppData\Local\Packages\PythonSoftwareFoundation.Python.3.9_qbz5n2kfra8p0\LocalCache\local-packages\Python39\site-packages\werkzeug\routing.py", line 1945, in match
    raise NotFound()
          └ <class 'werkzeug.exceptions.NotFound'>

[31m[1mwerkzeug.exceptions.NotFound[0m:[1m 404 Not Found: The requested URL was not found on the server. If you entered the URL manually please check your spelling and try again.[0m
